[2022-09-20T04:08:23.050363+00:00] HTTP-REQUEST.INFO: [GET] http://api.valami.test:8888/user [] []
[2022-09-20T04:08:23.332152+00:00] HTTP-REQUEST.INFO: [GET] http://api.valami.test:8888/favicon.ico [] []
[2022-09-20T04:10:07.874044+00:00] HTTP-REQUEST.INFO: [GET] http://api.valami.test:8888/user [] []
[2022-09-20T04:10:07.913057+00:00] HTTP-REQUEST.INFO: [GET] http://api.valami.test:8888/favicon.ico [] []
[2022-09-20T04:10:09.355090+00:00] HTTP-REQUEST.INFO: [GET] http://api.valami.test:8888/user [] []
[2022-09-20T04:10:09.395129+00:00] HTTP-REQUEST.INFO: [GET] http://api.valami.test:8888/favicon.ico [] []
[2022-09-20T04:10:32.442658+00:00] HTTP-REQUEST.INFO: [GET] http://api.valami.test:8888/user/1234 [] []
[2022-09-20T04:10:32.575057+00:00] HTTP-REQUEST.INFO: [GET] http://api.valami.test:8888/favicon.ico [] []
[2022-09-20T04:12:33.889641+00:00] HTTP-REQUEST.INFO: [GET] http://api.valami.test:8888/user/1234 [] []
[2022-09-20T04:12:33.905948+00:00] HTTP-REQUEST.INFO: [GET] http://api.valami.test:8888/favicon.ico [] []
[2022-09-20T04:14:18.884800+00:00] HTTP-REQUEST.INFO: [GET] http://api.valami.test:8888/user/1234 [] []
[2022-09-20T04:14:18.920460+00:00] HTTP-REQUEST.INFO: [GET] http://api.valami.test:8888/favicon.ico [] []
[2022-09-20T04:14:48.091268+00:00] HTTP-REQUEST.INFO: [GET] http://api.valami.test:8888/user/1234 [] []
[2022-09-20T04:14:48.113680+00:00] HTTP-REQUEST.INFO: [GET] http://api.valami.test:8888/favicon.ico [] []
[2022-09-20T04:14:49.024839+00:00] HTTP-REQUEST.INFO: [GET] http://api.valami.test:8888/user/1234 [] []
[2022-09-20T04:14:49.041280+00:00] HTTP-REQUEST.INFO: [GET] http://api.valami.test:8888/favicon.ico [] []
[2022-09-20T04:14:50.074157+00:00] HTTP-REQUEST.INFO: [GET] http://api.valami.test:8888/user/1234 [] []
[2022-09-20T04:14:50.092003+00:00] HTTP-REQUEST.INFO: [GET] http://api.valami.test:8888/favicon.ico [] []
[2022-09-20T04:16:07.495781+00:00] HTTP-REQUEST.INFO: [GET] http://api.valami.test:8888/user/1234 [] []
[2022-09-20T04:16:07.630980+00:00] HTTP-REQUEST.INFO: [GET] http://api.valami.test:8888/favicon.ico [] []
[2022-09-20T04:16:07.633496+00:00] HTTP-REQUEST.INFO: [GET] http://api.valami.test:8888/static/kirk.jpg [] []
[2022-09-20T04:16:08.579475+00:00] HTTP-REQUEST.INFO: [GET] http://api.valami.test:8888/user/1234 [] []
[2022-09-20T04:16:08.599168+00:00] HTTP-REQUEST.INFO: [GET] http://api.valami.test:8888/favicon.ico [] []
[2022-09-20T04:16:12.034013+00:00] HTTP-REQUEST.INFO: [GET] http://api.valami.test:8888/user/1234 [] []
[2022-09-20T04:16:12.051629+00:00] HTTP-REQUEST.INFO: [GET] http://api.valami.test:8888/favicon.ico [] []
[2022-09-20T04:16:12.811069+00:00] HTTP-REQUEST.INFO: [GET] http://api.valami.test:8888/user/1234 [] []
[2022-09-20T04:16:12.829218+00:00] HTTP-REQUEST.INFO: [GET] http://api.valami.test:8888/favicon.ico [] []
[2022-09-20T04:16:13.680675+00:00] HTTP-REQUEST.INFO: [GET] http://api.valami.test:8888/user/1234 [] []
[2022-09-20T04:16:13.698448+00:00] HTTP-REQUEST.INFO: [GET] http://api.valami.test:8888/favicon.ico [] []
[2022-09-20T04:16:21.369847+00:00] HTTP-REQUEST.INFO: [GET] http://api.valami.test:8888/favicon.ico [] []
[2022-09-20T04:16:26.178100+00:00] HTTP-REQUEST.INFO: [GET] http://api.valami.test:8888/user/1234 [] []
[2022-09-20T04:16:26.194232+00:00] HTTP-REQUEST.INFO: [GET] http://api.valami.test:8888/favicon.ico [] []
[2022-09-20T04:16:27.210656+00:00] HTTP-REQUEST.INFO: [GET] http://api.valami.test:8888/user/1234 [] []
[2022-09-20T04:16:27.228809+00:00] HTTP-REQUEST.INFO: [GET] http://api.valami.test:8888/favicon.ico [] []
[2022-09-20T04:17:32.306142+00:00] HTTP-REQUEST.INFO: [GET] http://api.valami.test:8888/user/1234 [] []
[2022-09-20T04:17:32.324794+00:00] HTTP-REQUEST.INFO: [GET] http://api.valami.test:8888/favicon.ico [] []
[2022-09-20T04:17:33.408476+00:00] HTTP-REQUEST.INFO: [GET] http://api.valami.test:8888/user/1234 [] []
[2022-09-20T04:17:33.429908+00:00] HTTP-REQUEST.INFO: [GET] http://api.valami.test:8888/favicon.ico [] []
[2022-09-20T04:17:33.730279+00:00] HTTP-REQUEST.INFO: [GET] http://api.valami.test:8888/user/1234 [] []
[2022-09-20T04:17:33.745767+00:00] HTTP-REQUEST.INFO: [GET] http://api.valami.test:8888/favicon.ico [] []
[2022-09-20T09:02:25.898279+00:00] HTTP-REQUEST.INFO: [GET] http://api.valami.test:8888/user/1234 [] []
[2022-09-20T09:02:25.899795+00:00] ERROR.ERROR: [Error] Typed property Atomino2\Mercury\RequestHandler::$request must not be accessed before initialization (0) (/Users/elvis/Dev/Atomino2/src/Mercury/Router/Route.php @ 40 [] []
[2022-09-20T09:02:26.053676+00:00] HTTP-REQUEST.INFO: [GET] http://api.valami.test:8888/favicon.ico [] []
[2022-09-20T09:02:26.054411+00:00] ERROR.ERROR: [Error] Typed property Atomino2\Mercury\RequestHandler::$request must not be accessed before initialization (0) (/Users/elvis/Dev/Atomino2/src/Mercury/Router/Route.php @ 40 [] []
[2022-09-20T09:02:40.958651+00:00] HTTP-REQUEST.INFO: [GET] http://api.valami.test:8888/user/1234 [] []
[2022-09-20T09:02:40.977193+00:00] HTTP-REQUEST.INFO: [GET] http://api.valami.test:8888/favicon.ico [] []
[2022-09-20T09:15:22.335761+00:00] HTTP-REQUEST.INFO: [GET] http://api.valami.test:8888/user/1234 [] []
[2022-09-20T09:15:22.434295+00:00] HTTP-REQUEST.INFO: [GET] http://api.valami.test:8888/favicon.ico [] []
[2022-09-20T09:15:36.936634+00:00] HTTP-REQUEST.INFO: [GET] http://api.valami.test:8888/user/1234 [] []
[2022-09-20T09:15:36.937747+00:00] ERROR.ERROR: [TypeError] Symfony\Component\HttpFoundation\Response::__construct(): Argument #2 ($status) must be of type int, string given, called in /Users/elvis/Dev/Atomino2/src/Mercury/AbstractRequestHandler.php on line 62 (0) (/Users/elvis/Dev/Atomino2/vendor/symfony/http-foundation/Response.php @ 217 [] []
[2022-09-20T09:15:36.955084+00:00] HTTP-REQUEST.INFO: [GET] http://api.valami.test:8888/favicon.ico [] []
[2022-09-20T09:15:37.750671+00:00] HTTP-REQUEST.INFO: [GET] http://api.valami.test:8888/user/1234 [] []
[2022-09-20T09:15:37.752428+00:00] ERROR.ERROR: [TypeError] Symfony\Component\HttpFoundation\Response::__construct(): Argument #2 ($status) must be of type int, string given, called in /Users/elvis/Dev/Atomino2/src/Mercury/AbstractRequestHandler.php on line 62 (0) (/Users/elvis/Dev/Atomino2/vendor/symfony/http-foundation/Response.php @ 217 [] []
[2022-09-20T09:15:37.805830+00:00] HTTP-REQUEST.INFO: [GET] http://api.valami.test:8888/favicon.ico [] []
[2022-09-20T09:15:42.923545+00:00] HTTP-REQUEST.INFO: [GET] http://api.valami.test:8888/user/1234 [] []
[2022-09-20T09:15:42.924990+00:00] ERROR.ERROR: [TypeError] Symfony\Component\HttpFoundation\Response::__construct(): Argument #2 ($status) must be of type int, string given, called in /Users/elvis/Dev/Atomino2/src/Mercury/AbstractRequestHandler.php on line 62 (0) (/Users/elvis/Dev/Atomino2/vendor/symfony/http-foundation/Response.php @ 217 [] []
[2022-09-20T09:15:42.950981+00:00] HTTP-REQUEST.INFO: [GET] http://api.valami.test:8888/favicon.ico [] []
[2022-09-20T09:15:44.958475+00:00] HTTP-REQUEST.INFO: [GET] http://api.valami.test:8888/user/1234 [] []
[2022-09-20T09:15:44.959633+00:00] ERROR.ERROR: [TypeError] Symfony\Component\HttpFoundation\Response::__construct(): Argument #2 ($status) must be of type int, string given, called in /Users/elvis/Dev/Atomino2/src/Mercury/AbstractRequestHandler.php on line 62 (0) (/Users/elvis/Dev/Atomino2/vendor/symfony/http-foundation/Response.php @ 217 [] []
[2022-09-20T09:15:44.991509+00:00] HTTP-REQUEST.INFO: [GET] http://api.valami.test:8888/favicon.ico [] []
[2022-09-20T09:15:48.481750+00:00] HTTP-REQUEST.INFO: [GET] http://api.valami.test:8888/user/1234 [] []
[2022-09-20T09:15:48.488751+00:00] ERROR.ERROR: [TypeError] Symfony\Component\HttpFoundation\Response::__construct(): Argument #2 ($status) must be of type int, string given, called in /Users/elvis/Dev/Atomino2/src/Mercury/AbstractRequestHandler.php on line 62 (0) (/Users/elvis/Dev/Atomino2/vendor/symfony/http-foundation/Response.php @ 217 [] []
[2022-09-20T09:15:48.513564+00:00] HTTP-REQUEST.INFO: [GET] http://api.valami.test:8888/favicon.ico [] []
[2022-09-20T09:16:15.405215+00:00] HTTP-REQUEST.INFO: [GET] http://api.valami.test:8888/user/1234 [] []
[2022-09-20T09:16:15.457746+00:00] HTTP-REQUEST.INFO: [GET] http://api.valami.test:8888/favicon.ico [] []
[2022-09-20T09:16:51.227636+00:00] HTTP-REQUEST.INFO: [GET] http://api.valami.test:8888/user/1234 [] []
[2022-09-20T09:16:51.273761+00:00] HTTP-REQUEST.INFO: [GET] http://api.valami.test:8888/favicon.ico [] []
[2022-09-20T09:16:51.906491+00:00] HTTP-REQUEST.INFO: [GET] http://api.valami.test:8888/user/1234 [] []
[2022-09-20T09:16:51.930915+00:00] HTTP-REQUEST.INFO: [GET] http://api.valami.test:8888/favicon.ico [] []
[2022-09-20T09:16:52.658564+00:00] HTTP-REQUEST.INFO: [GET] http://api.valami.test:8888/user/1234 [] []
[2022-09-20T09:16:52.681886+00:00] HTTP-REQUEST.INFO: [GET] http://api.valami.test:8888/favicon.ico [] []
[2022-09-20T09:16:53.151442+00:00] HTTP-REQUEST.INFO: [GET] http://api.valami.test:8888/user/1234 [] []
[2022-09-20T09:16:53.173997+00:00] HTTP-REQUEST.INFO: [GET] http://api.valami.test:8888/favicon.ico [] []
[2022-09-20T09:16:53.559685+00:00] HTTP-REQUEST.INFO: [GET] http://api.valami.test:8888/user/1234 [] []
[2022-09-20T09:16:53.578669+00:00] HTTP-REQUEST.INFO: [GET] http://api.valami.test:8888/favicon.ico [] []
[2022-09-20T09:16:53.872696+00:00] HTTP-REQUEST.INFO: [GET] http://api.valami.test:8888/user/1234 [] []
[2022-09-20T09:16:53.891123+00:00] HTTP-REQUEST.INFO: [GET] http://api.valami.test:8888/favicon.ico [] []
[2022-09-20T09:16:54.084641+00:00] HTTP-REQUEST.INFO: [GET] http://api.valami.test:8888/user/1234 [] []
[2022-09-20T09:16:54.099895+00:00] HTTP-REQUEST.INFO: [GET] http://api.valami.test:8888/favicon.ico [] []
[2022-09-20T09:16:54.294114+00:00] HTTP-REQUEST.INFO: [GET] http://api.valami.test:8888/user/1234 [] []
[2022-09-20T09:16:54.309528+00:00] HTTP-REQUEST.INFO: [GET] http://api.valami.test:8888/favicon.ico [] []
[2022-09-20T09:16:54.510716+00:00] HTTP-REQUEST.INFO: [GET] http://api.valami.test:8888/user/1234 [] []
[2022-09-20T09:16:54.526862+00:00] HTTP-REQUEST.INFO: [GET] http://api.valami.test:8888/favicon.ico [] []
[2022-09-20T09:16:55.341465+00:00] HTTP-REQUEST.INFO: [GET] http://api.valami.test:8888/user/1234 [] []
[2022-09-20T09:16:55.362217+00:00] HTTP-REQUEST.INFO: [GET] http://api.valami.test:8888/favicon.ico [] []
[2022-09-20T09:16:55.368690+00:00] HTTP-REQUEST.INFO: [GET] http://api.valami.test:8888/static/kirk.jpg [] []
[2022-09-20T09:16:55.573337+00:00] HTTP-REQUEST.INFO: [GET] http://api.valami.test:8888/user/1234 [] []
[2022-09-20T09:16:55.588527+00:00] HTTP-REQUEST.INFO: [GET] http://api.valami.test:8888/favicon.ico [] []
[2022-09-20T09:16:55.595020+00:00] HTTP-REQUEST.INFO: [GET] http://api.valami.test:8888/static/kirk.jpg [] []
[2022-09-20T09:16:55.730845+00:00] HTTP-REQUEST.INFO: [GET] http://api.valami.test:8888/user/1234 [] []
[2022-09-20T09:16:55.747604+00:00] HTTP-REQUEST.INFO: [GET] http://api.valami.test:8888/favicon.ico [] []
[2022-09-20T09:16:55.756947+00:00] HTTP-REQUEST.INFO: [GET] http://api.valami.test:8888/static/kirk.jpg [] []
[2022-09-20T09:16:56.392714+00:00] HTTP-REQUEST.INFO: [GET] http://api.valami.test:8888/user/1234 [] []
[2022-09-20T09:16:56.413316+00:00] HTTP-REQUEST.INFO: [GET] http://api.valami.test:8888/favicon.ico [] []
[2022-09-20T09:16:56.646124+00:00] HTTP-REQUEST.INFO: [GET] http://api.valami.test:8888/user/1234 [] []
[2022-09-20T09:16:56.665112+00:00] HTTP-REQUEST.INFO: [GET] http://api.valami.test:8888/favicon.ico [] []
[2022-09-20T09:16:56.861880+00:00] HTTP-REQUEST.INFO: [GET] http://api.valami.test:8888/user/1234 [] []
[2022-09-20T09:16:56.878513+00:00] HTTP-REQUEST.INFO: [GET] http://api.valami.test:8888/favicon.ico [] []
[2022-09-20T09:18:04.618734+00:00] HTTP-REQUEST.INFO: [GET] http://api.valami.test:8888/user/1234 [] []
[2022-09-20T09:18:04.663913+00:00] HTTP-REQUEST.INFO: [GET] http://api.valami.test:8888/favicon.ico [] []
[2022-09-20T09:18:36.066368+00:00] HTTP-REQUEST.INFO: [GET] http://api.valami.test:8888/user/1234 [] []
[2022-09-20T09:18:36.122757+00:00] HTTP-REQUEST.INFO: [GET] http://api.valami.test:8888/favicon.ico [] []
[2022-09-20T09:18:48.751382+00:00] HTTP-REQUEST.INFO: [GET] http://api.valami.test:8888/user/1234 [] []
[2022-09-20T09:18:48.787875+00:00] HTTP-REQUEST.INFO: [GET] http://api.valami.test:8888/favicon.ico [] []
[2022-09-20T09:23:37.002137+00:00] HTTP-REQUEST.INFO: [GET] http://api.valami.test:8888/user/1234 [] []
[2022-09-20T09:23:37.092795+00:00] HTTP-REQUEST.INFO: [GET] http://api.valami.test:8888/favicon.ico [] []
[2022-09-20T09:25:30.833189+00:00] HTTP-REQUEST.INFO: [GET] http://api.valami.test:8888/user/1234 [] []
[2022-09-20T09:25:30.882896+00:00] HTTP-REQUEST.INFO: [GET] http://api.valami.test:8888/favicon.ico [] []
[2022-09-20T09:25:31.420464+00:00] HTTP-REQUEST.INFO: [GET] http://api.valami.test:8888/user/1234 [] []
[2022-09-20T09:25:31.447816+00:00] HTTP-REQUEST.INFO: [GET] http://api.valami.test:8888/favicon.ico [] []
[2022-09-20T09:25:49.755411+00:00] HTTP-REQUEST.INFO: [GET] http://api.valami.test:8888/user/1234 [] []
[2022-09-20T09:25:49.799922+00:00] HTTP-REQUEST.INFO: [GET] http://api.valami.test:8888/favicon.ico [] []
[2022-09-20T09:25:50.412089+00:00] HTTP-REQUEST.INFO: [GET] http://api.valami.test:8888/user/1234 [] []
[2022-09-20T09:25:50.432606+00:00] HTTP-REQUEST.INFO: [GET] http://api.valami.test:8888/favicon.ico [] []
[2022-09-20T09:25:50.846194+00:00] HTTP-REQUEST.INFO: [GET] http://api.valami.test:8888/user/1234 [] []
[2022-09-20T09:25:50.867656+00:00] HTTP-REQUEST.INFO: [GET] http://api.valami.test:8888/favicon.ico [] []
[2022-09-20T09:26:12.796203+00:00] HTTP-REQUEST.INFO: [GET] http://api.valami.test:8888/user/1234 [] []
[2022-09-20T09:26:12.845987+00:00] HTTP-REQUEST.INFO: [GET] http://api.valami.test:8888/favicon.ico [] []
[2022-09-20T09:29:36.249615+00:00] HTTP-REQUEST.INFO: [GET] http://api.valami.test:8888/user/1234 [] []
[2022-09-20T09:29:36.331378+00:00] HTTP-REQUEST.INFO: [GET] http://api.valami.test:8888/favicon.ico [] []
[2022-09-20T09:29:36.837569+00:00] HTTP-REQUEST.INFO: [GET] http://api.valami.test:8888/user/1234 [] []
[2022-09-20T09:29:36.864134+00:00] HTTP-REQUEST.INFO: [GET] http://api.valami.test:8888/favicon.ico [] []
[2022-09-20T09:34:58.227560+00:00] HTTP-REQUEST.INFO: [GET] http://api.valami.test:8888/user/1234 [] []
[2022-09-20T09:34:58.295495+00:00] HTTP-REQUEST.INFO: [GET] http://api.valami.test:8888/favicon.ico [] []
[2022-09-20T09:35:27.593413+00:00] HTTP-REQUEST.INFO: [GET] http://api.valami.test:8888/user/1234 [] []
[2022-09-20T09:35:27.635932+00:00] HTTP-REQUEST.INFO: [GET] http://api.valami.test:8888/favicon.ico [] []
[2022-09-20T09:35:28.137274+00:00] HTTP-REQUEST.INFO: [GET] http://api.valami.test:8888/user/1234 [] []
[2022-09-20T09:35:28.158660+00:00] HTTP-REQUEST.INFO: [GET] http://api.valami.test:8888/favicon.ico [] []
[2022-09-20T09:35:28.764587+00:00] HTTP-REQUEST.INFO: [GET] http://api.valami.test:8888/user/1234 [] []
[2022-09-20T09:35:28.785793+00:00] HTTP-REQUEST.INFO: [GET] http://api.valami.test:8888/favicon.ico [] []
[2022-09-20T09:35:44.348249+00:00] HTTP-REQUEST.INFO: [GET] http://api.valami.test:8888/user/1234 [] []
[2022-09-20T09:35:44.400156+00:00] HTTP-REQUEST.INFO: [GET] http://api.valami.test:8888/favicon.ico [] []
[2022-09-20T09:37:19.301590+00:00] HTTP-REQUEST.INFO: [GET] http://api.valami.test:8888/user/1234 [] []
[2022-09-20T09:37:19.357852+00:00] HTTP-REQUEST.INFO: [GET] http://api.valami.test:8888/favicon.ico [] []
[2022-09-20T09:39:09.433525+00:00] HTTP-REQUEST.INFO: [GET] http://api.valami.test:8888/user/1234 [] []
[2022-09-20T09:39:09.498652+00:00] HTTP-REQUEST.INFO: [GET] http://api.valami.test:8888/favicon.ico [] []
[2022-09-20T09:39:48.500428+00:00] HTTP-REQUEST.INFO: [GET] http://api.valami.test:8888/user/1234 [] []
[2022-09-20T09:39:48.544206+00:00] HTTP-REQUEST.INFO: [GET] http://api.valami.test:8888/favicon.ico [] []
[2022-09-20T09:40:07.166853+00:00] HTTP-REQUEST.INFO: [GET] http://api.valami.test:8888/user/1234 [] []
[2022-09-20T09:40:07.296184+00:00] HTTP-REQUEST.INFO: [GET] http://api.valami.test:8888/favicon.ico [] []
[2022-09-20T09:40:19.238291+00:00] HTTP-REQUEST.INFO: [GET] http://api.valami.test:8888/user/1234 [] []
[2022-09-20T09:40:19.271056+00:00] HTTP-REQUEST.INFO: [GET] http://api.valami.test:8888/favicon.ico [] []
[2022-09-20T09:40:31.367528+00:00] HTTP-REQUEST.INFO: [GET] http://api.valami.test:8888/user/1234 [] []
[2022-09-20T09:40:31.385654+00:00] HTTP-REQUEST.INFO: [GET] http://api.valami.test:8888/favicon.ico [] []
[2022-09-20T09:40:37.805475+00:00] HTTP-REQUEST.INFO: [GET] http://api.valami.test:8888/user/1234 [] []
[2022-09-20T09:40:37.828143+00:00] HTTP-REQUEST.INFO: [GET] http://api.valami.test:8888/favicon.ico [] []
[2022-09-20T10:10:47.274320+00:00] HTTP-REQUEST.INFO: [GET] http://api.valami.test:8888/user/1234 [] []
[2022-09-20T10:10:47.443299+00:00] HTTP-REQUEST.INFO: [GET] http://api.valami.test:8888/favicon.ico [] []
[2022-09-20T10:10:48.342605+00:00] HTTP-REQUEST.INFO: [GET] http://api.valami.test:8888/user/1234 [] []
[2022-09-20T10:10:48.363746+00:00] HTTP-REQUEST.INFO: [GET] http://api.valami.test:8888/favicon.ico [] []
[2022-09-20T10:11:08.188595+00:00] HTTP-REQUEST.INFO: [GET] http://api.valami.test:8888/user/1234 [] []
[2022-09-20T10:11:08.191644+00:00] ERROR.ERROR: [Error] Call to a member function getMethod() on null (0) (/Users/elvis/Dev/Atomino2/src/Mercury/AbstractRequestHandler.php @ 65 [] []
[2022-09-20T10:11:08.218688+00:00] HTTP-REQUEST.INFO: [GET] http://api.valami.test:8888/favicon.ico [] []
[2022-09-20T10:11:09.081205+00:00] HTTP-REQUEST.INFO: [GET] http://api.valami.test:8888/user/1234 [] []
[2022-09-20T10:11:09.082671+00:00] ERROR.ERROR: [Error] Call to a member function getMethod() on null (0) (/Users/elvis/Dev/Atomino2/src/Mercury/AbstractRequestHandler.php @ 65 [] []
[2022-09-20T10:11:09.101979+00:00] HTTP-REQUEST.INFO: [GET] http://api.valami.test:8888/favicon.ico [] []
[2022-09-20T10:11:09.671015+00:00] HTTP-REQUEST.INFO: [GET] http://api.valami.test:8888/user/1234 [] []
[2022-09-20T10:11:09.672221+00:00] ERROR.ERROR: [Error] Call to a member function getMethod() on null (0) (/Users/elvis/Dev/Atomino2/src/Mercury/AbstractRequestHandler.php @ 65 [] []
[2022-09-20T10:11:09.690104+00:00] HTTP-REQUEST.INFO: [GET] http://api.valami.test:8888/favicon.ico [] []
[2022-09-20T10:11:32.653181+00:00] HTTP-REQUEST.INFO: [GET] http://api.valami.test:8888/user/1234 [] []
[2022-09-20T10:11:32.662839+00:00] ERROR.ERROR: [Error] Call to a member function getMethod() on null (0) (/Users/elvis/Dev/Atomino2/src/Mercury/AbstractRequestHandler.php @ 65 [] []
[2022-09-20T10:11:32.693808+00:00] HTTP-REQUEST.INFO: [GET] http://api.valami.test:8888/favicon.ico [] []
[2022-09-20T10:11:33.650898+00:00] HTTP-REQUEST.INFO: [GET] http://api.valami.test:8888/user/1234 [] []
[2022-09-20T10:11:33.652672+00:00] ERROR.ERROR: [Error] Call to a member function getMethod() on null (0) (/Users/elvis/Dev/Atomino2/src/Mercury/AbstractRequestHandler.php @ 65 [] []
[2022-09-20T10:11:33.676673+00:00] HTTP-REQUEST.INFO: [GET] http://api.valami.test:8888/favicon.ico [] []
[2022-09-20T10:11:42.744871+00:00] HTTP-REQUEST.INFO: [GET] http://api.valami.test:8888/user/1234 [] []
[2022-09-20T10:11:42.748642+00:00] ERROR.ERROR: [Error] Call to a member function getMethod() on null (0) (/Users/elvis/Dev/Atomino2/src/Mercury/AbstractRequestHandler.php @ 65 [] []
[2022-09-20T10:11:42.769560+00:00] HTTP-REQUEST.INFO: [GET] http://api.valami.test:8888/favicon.ico [] []
[2022-09-20T10:11:48.680323+00:00] HTTP-REQUEST.INFO: [GET] http://api.valami.test:8888/user/1234 [] []
[2022-09-20T10:11:48.682695+00:00] ERROR.ERROR: [Error] Call to a member function getMethod() on null (0) (/Users/elvis/Dev/Atomino2/src/Mercury/AbstractRequestHandler.php @ 65 [] []
[2022-09-20T10:11:48.702614+00:00] HTTP-REQUEST.INFO: [GET] http://api.valami.test:8888/favicon.ico [] []
[2022-09-20T10:12:46.805498+00:00] HTTP-REQUEST.INFO: [GET] http://api.valami.test:8888/user/1234 [] []
[2022-09-20T10:12:46.831910+00:00] HTTP-REQUEST.INFO: [GET] http://api.valami.test:8888/favicon.ico [] []
[2022-09-20T10:14:06.677287+00:00] HTTP-REQUEST.INFO: [GET] http://api.valami.test:8888/user/1234 [] []
[2022-09-20T10:14:06.680736+00:00] ERROR.ERROR: [TypeError] Atomino2\Mercury\Middleware\CatchException::handle(): Return value must be of type ?Symfony\Component\HttpFoundation\Response, none returned (0) (/Users/elvis/Dev/Atomino2/src/Mercury/Middleware/CatchException.php @ 13 [] []
[2022-09-20T10:14:06.741153+00:00] HTTP-REQUEST.INFO: [GET] http://api.valami.test:8888/favicon.ico [] []
[2022-09-20T10:14:08.240741+00:00] HTTP-REQUEST.INFO: [GET] http://api.valami.test:8888/user/1234 [] []
[2022-09-20T10:14:08.243225+00:00] ERROR.ERROR: [TypeError] Atomino2\Mercury\Middleware\CatchException::handle(): Return value must be of type ?Symfony\Component\HttpFoundation\Response, none returned (0) (/Users/elvis/Dev/Atomino2/src/Mercury/Middleware/CatchException.php @ 13 [] []
[2022-09-20T10:14:08.263785+00:00] HTTP-REQUEST.INFO: [GET] http://api.valami.test:8888/favicon.ico [] []
[2022-09-20T10:14:17.229138+00:00] HTTP-REQUEST.INFO: [GET] http://api.valami.test:8888/user/1234 [] []
[2022-09-20T10:14:17.230477+00:00] ERROR.ERROR: [TypeError] Atomino2\Mercury\Middleware\CatchException::handle(): Return value must be of type ?Symfony\Component\HttpFoundation\Response, none returned (0) (/Users/elvis/Dev/Atomino2/src/Mercury/Middleware/CatchException.php @ 13 [] []
[2022-09-20T10:14:17.258271+00:00] HTTP-REQUEST.INFO: [GET] http://api.valami.test:8888/favicon.ico [] []
[2022-09-20T10:14:45.430829+00:00] HTTP-REQUEST.INFO: [GET] http://api.valami.test:8888/user/1234 [] []
[2022-09-20T10:14:45.463416+00:00] HTTP-REQUEST.INFO: [GET] http://api.valami.test:8888/favicon.ico [] []
[2022-09-20T10:15:11.647000+00:00] HTTP-REQUEST.INFO: [GET] http://api.valami.test:8888/user/1234 [] []
[2022-09-20T10:15:11.649917+00:00] ERROR.ERROR: [Exception] fasza (1) (/Users/elvis/Dev/Atomino2/app/Mission/Api/Endpoint/User.php @ 10 [] []
[2022-09-20T10:15:11.680891+00:00] HTTP-REQUEST.INFO: [GET] http://api.valami.test:8888/favicon.ico [] []
[2022-09-20T10:15:20.733845+00:00] HTTP-REQUEST.INFO: [GET] http://api.valami.test:8888/user/1234 [] []
[2022-09-20T10:15:20.738681+00:00] ERROR.ERROR: [Exception] fasza (1) (/Users/elvis/Dev/Atomino2/app/Mission/Api/Endpoint/User.php @ 10 [] []
[2022-09-20T10:15:20.764786+00:00] HTTP-REQUEST.INFO: [GET] http://api.valami.test:8888/favicon.ico [] []
[2022-09-20T10:15:33.247954+00:00] HTTP-REQUEST.INFO: [GET] http://api.valami.test:8888/user/1234 [] []
[2022-09-20T10:15:33.250372+00:00] ERROR.ERROR: [Exception] fasza (1) (/Users/elvis/Dev/Atomino2/app/Mission/Api/Endpoint/User.php @ 10 [] []
[2022-09-20T10:15:33.270519+00:00] HTTP-REQUEST.INFO: [GET] http://api.valami.test:8888/favicon.ico [] []
[2022-09-20T10:15:44.539402+00:00] HTTP-REQUEST.INFO: [GET] http://api.valami.test:8888/user/1234 [] []
[2022-09-20T10:15:44.541878+00:00] ERROR.ERROR: [Exception] fasza (1) (/Users/elvis/Dev/Atomino2/app/Mission/Api/Endpoint/User.php @ 10 [] []
[2022-09-20T10:15:44.573666+00:00] HTTP-REQUEST.INFO: [GET] http://api.valami.test:8888/favicon.ico [] []
[2022-09-20T10:17:51.761521+00:00] HTTP-REQUEST.INFO: [GET] http://api.valami.test:8888/user/1234 [] []
[2022-09-20T10:17:51.764138+00:00] ERROR.ERROR: [Exception] fasza (1) (/Users/elvis/Dev/Atomino2/app/Mission/Api/Endpoint/User.php @ 10 [] []
[2022-09-20T10:17:51.838980+00:00] HTTP-REQUEST.INFO: [GET] http://api.valami.test:8888/favicon.ico [] []
[2022-09-20T10:17:52.711480+00:00] HTTP-REQUEST.INFO: [GET] http://api.valami.test:8888/user/1234 [] []
[2022-09-20T10:17:52.713702+00:00] ERROR.ERROR: [Exception] fasza (1) (/Users/elvis/Dev/Atomino2/app/Mission/Api/Endpoint/User.php @ 10 [] []
[2022-09-20T10:17:52.748433+00:00] HTTP-REQUEST.INFO: [GET] http://api.valami.test:8888/favicon.ico [] []
[2022-09-20T10:18:05.220704+00:00] HTTP-REQUEST.INFO: [GET] http://api.valami.test:8888/user/1234 [] []
[2022-09-20T10:18:05.222083+00:00] ERROR.ERROR: [Exception] fasza (1) (/Users/elvis/Dev/Atomino2/app/Mission/Api/Endpoint/User.php @ 10 [] []
[2022-09-20T10:18:05.248216+00:00] HTTP-REQUEST.INFO: [GET] http://api.valami.test:8888/favicon.ico [] []
[2022-09-20T10:18:11.121361+00:00] HTTP-REQUEST.INFO: [GET] http://api.valami.test:8888/user/1234 [] []
[2022-09-20T10:18:11.122570+00:00] ERROR.ERROR: [Exception] fasza (1) (/Users/elvis/Dev/Atomino2/app/Mission/Api/Endpoint/User.php @ 10 [] []
[2022-09-20T10:18:11.142547+00:00] HTTP-REQUEST.INFO: [GET] http://api.valami.test:8888/favicon.ico [] []
[2022-09-20T10:18:11.628350+00:00] HTTP-REQUEST.INFO: [GET] http://api.valami.test:8888/user/1234 [] []
[2022-09-20T10:18:11.629795+00:00] ERROR.ERROR: [Exception] fasza (1) (/Users/elvis/Dev/Atomino2/app/Mission/Api/Endpoint/User.php @ 10 [] []
[2022-09-20T10:18:11.670383+00:00] HTTP-REQUEST.INFO: [GET] http://api.valami.test:8888/favicon.ico [] []
[2022-09-20T10:18:11.851617+00:00] HTTP-REQUEST.INFO: [GET] http://api.valami.test:8888/user/1234 [] []
[2022-09-20T10:18:11.852988+00:00] ERROR.ERROR: [Exception] fasza (1) (/Users/elvis/Dev/Atomino2/app/Mission/Api/Endpoint/User.php @ 10 [] []
[2022-09-20T10:18:11.870354+00:00] HTTP-REQUEST.INFO: [GET] http://api.valami.test:8888/favicon.ico [] []
[2022-09-20T10:18:40.966550+00:00] HTTP-REQUEST.INFO: [GET] http://api.valami.test:8888/user/1234 [] []
[2022-09-20T10:18:40.970066+00:00] ERROR.ERROR: [Exception] fasza (1) (/Users/elvis/Dev/Atomino2/app/Mission/Api/Endpoint/User.php @ 10 [] []
[2022-09-20T10:18:40.993637+00:00] HTTP-REQUEST.INFO: [GET] http://api.valami.test:8888/favicon.ico [] []
[2022-09-20T10:19:22.266736+00:00] HTTP-REQUEST.INFO: [GET] http://api.valami.test:8888/user/1234 [] []
[2022-09-20T10:19:22.268514+00:00] ERROR.ERROR: [Exception] fasza (1) (/Users/elvis/Dev/Atomino2/app/Mission/Api/Endpoint/User.php @ 10 [] []
[2022-09-20T10:19:22.287843+00:00] HTTP-REQUEST.INFO: [GET] http://api.valami.test:8888/favicon.ico [] []
[2022-09-20T10:19:41.708356+00:00] HTTP-REQUEST.INFO: [GET] http://api.valami.test:8888/user/1234 [] []
[2022-09-20T10:19:41.709941+00:00] ERROR.ERROR: [Exception] fasza (1) (/Users/elvis/Dev/Atomino2/app/Mission/Api/Endpoint/User.php @ 10 [] []
[2022-09-20T10:19:41.758819+00:00] HTTP-REQUEST.INFO: [GET] http://api.valami.test:8888/favicon.ico [] []
[2022-09-20T10:19:49.306670+00:00] HTTP-REQUEST.INFO: [GET] http://api.valami.test:8888/user/1234 [] []
[2022-09-20T10:19:49.307456+00:00] ERROR.ERROR: [Exception] fasza (1) (/Users/elvis/Dev/Atomino2/app/Mission/Api/Endpoint/User.php @ 10 [] []
[2022-09-20T10:19:49.324384+00:00] HTTP-REQUEST.INFO: [GET] http://api.valami.test:8888/favicon.ico [] []
[2022-09-20T10:20:01.105308+00:00] HTTP-REQUEST.INFO: [GET] http://api.valami.test:8888/user/1234 [] []
[2022-09-20T10:20:01.109102+00:00] ERROR.ERROR: [TypeError] Atomino2\Mercury\Middleware\CatchException::handle(): Return value must be of type ?Symfony\Component\HttpFoundation\Response, none returned (0) (/Users/elvis/Dev/Atomino2/src/Mercury/Middleware/CatchException.php @ 16 [] []
[2022-09-20T10:20:01.141892+00:00] HTTP-REQUEST.INFO: [GET] http://api.valami.test:8888/favicon.ico [] []
[2022-09-20T10:20:16.590048+00:00] HTTP-REQUEST.INFO: [GET] http://api.valami.test:8888/user/1234 [] []
[2022-09-20T10:20:16.594214+00:00] ERROR.ERROR: [TypeError] Atomino2\Mercury\Middleware\CatchException::handle(): Return value must be of type ?Symfony\Component\HttpFoundation\Response, none returned (0) (/Users/elvis/Dev/Atomino2/src/Mercury/Middleware/CatchException.php @ 16 [] []
[2022-09-20T10:20:16.619859+00:00] HTTP-REQUEST.INFO: [GET] http://api.valami.test:8888/favicon.ico [] []
[2022-09-20T10:22:31.945299+00:00] HTTP-REQUEST.INFO: [GET] http://api.valami.test:8888/user/1234 [] []
[2022-09-20T10:22:31.957592+00:00] ERROR.ERROR: [WARNING] Undefined variable $code (/Users/elvis/Dev/Atomino2/src/Mercury/AbstractRequestHandler.php @ 61 [] []
[2022-09-20T10:22:31.957770+00:00] ERROR.ERROR: [WARNING] Undefined variable $type (/Users/elvis/Dev/Atomino2/src/Mercury/AbstractRequestHandler.php @ 62 [] []
[2022-09-20T10:22:31.957818+00:00] ERROR.ERROR: [WARNING] Undefined variable $message (/Users/elvis/Dev/Atomino2/src/Mercury/AbstractRequestHandler.php @ 63 [] []
[2022-09-20T10:22:31.957999+00:00] ERROR.ERROR: [TypeError] Atomino2\Mercury\Middleware\CatchException::handle(): Return value must be of type ?Symfony\Component\HttpFoundation\Response, none returned (0) (/Users/elvis/Dev/Atomino2/src/Mercury/Middleware/CatchException.php @ 16 [] []
[2022-09-20T10:22:31.984097+00:00] HTTP-REQUEST.INFO: [GET] http://api.valami.test:8888/favicon.ico [] []
[2022-09-20T10:22:32.950028+00:00] HTTP-REQUEST.INFO: [GET] http://api.valami.test:8888/user/1234 [] []
[2022-09-20T10:22:32.952953+00:00] ERROR.ERROR: [WARNING] Undefined variable $code (/Users/elvis/Dev/Atomino2/src/Mercury/AbstractRequestHandler.php @ 61 [] []
[2022-09-20T10:22:32.953199+00:00] ERROR.ERROR: [WARNING] Undefined variable $type (/Users/elvis/Dev/Atomino2/src/Mercury/AbstractRequestHandler.php @ 62 [] []
[2022-09-20T10:22:32.953259+00:00] ERROR.ERROR: [WARNING] Undefined variable $message (/Users/elvis/Dev/Atomino2/src/Mercury/AbstractRequestHandler.php @ 63 [] []
[2022-09-20T10:22:32.953514+00:00] ERROR.ERROR: [TypeError] Atomino2\Mercury\Middleware\CatchException::handle(): Return value must be of type ?Symfony\Component\HttpFoundation\Response, none returned (0) (/Users/elvis/Dev/Atomino2/src/Mercury/Middleware/CatchException.php @ 16 [] []
[2022-09-20T10:22:32.975009+00:00] HTTP-REQUEST.INFO: [GET] http://api.valami.test:8888/favicon.ico [] []
[2022-09-20T10:22:51.933067+00:00] HTTP-REQUEST.INFO: [GET] http://api.valami.test:8888/user/1234 [] []
[2022-09-20T10:22:51.940645+00:00] ERROR.ERROR: [TypeError] Atomino2\Mercury\Middleware\CatchException::handle(): Return value must be of type ?Symfony\Component\HttpFoundation\Response, none returned (0) (/Users/elvis/Dev/Atomino2/src/Mercury/Middleware/CatchException.php @ 16 [] []
[2022-09-20T10:22:52.039321+00:00] HTTP-REQUEST.INFO: [GET] http://api.valami.test:8888/favicon.ico [] []
[2022-09-20T10:22:52.786889+00:00] HTTP-REQUEST.INFO: [GET] http://api.valami.test:8888/user/1234 [] []
[2022-09-20T10:22:52.790028+00:00] ERROR.ERROR: [TypeError] Atomino2\Mercury\Middleware\CatchException::handle(): Return value must be of type ?Symfony\Component\HttpFoundation\Response, none returned (0) (/Users/elvis/Dev/Atomino2/src/Mercury/Middleware/CatchException.php @ 16 [] []
[2022-09-20T10:22:52.808771+00:00] HTTP-REQUEST.INFO: [GET] http://api.valami.test:8888/favicon.ico [] []
[2022-09-20T10:22:59.213027+00:00] HTTP-REQUEST.INFO: [GET] http://api.valami.test:8888/user/1234 [] []
[2022-09-20T10:22:59.216165+00:00] ERROR.ERROR: [TypeError] Atomino2\Mercury\Middleware\CatchException::handle(): Return value must be of type ?Symfony\Component\HttpFoundation\Response, none returned (0) (/Users/elvis/Dev/Atomino2/src/Mercury/Middleware/CatchException.php @ 16 [] []
[2022-09-20T10:22:59.235187+00:00] HTTP-REQUEST.INFO: [GET] http://api.valami.test:8888/favicon.ico [] []
[2022-09-20T10:23:28.568473+00:00] HTTP-REQUEST.INFO: [GET] http://api.valami.test:8888/user/1234 [] []
[2022-09-20T10:23:28.583829+00:00] ERROR.ERROR: [TypeError] Atomino2\Mercury\Middleware\CatchException::handle(): Return value must be of type ?Symfony\Component\HttpFoundation\Response, none returned (0) (/Users/elvis/Dev/Atomino2/src/Mercury/Middleware/CatchException.php @ 16 [] []
[2022-09-20T10:23:28.700763+00:00] HTTP-REQUEST.INFO: [GET] http://api.valami.test:8888/favicon.ico [] []
[2022-09-20T10:23:29.082802+00:00] HTTP-REQUEST.INFO: [GET] http://api.valami.test:8888/user/1234 [] []
[2022-09-20T10:23:29.084299+00:00] ERROR.ERROR: [TypeError] Atomino2\Mercury\Middleware\CatchException::handle(): Return value must be of type ?Symfony\Component\HttpFoundation\Response, none returned (0) (/Users/elvis/Dev/Atomino2/src/Mercury/Middleware/CatchException.php @ 16 [] []
[2022-09-20T10:23:29.098145+00:00] HTTP-REQUEST.INFO: [GET] http://api.valami.test:8888/favicon.ico [] []
[2022-09-20T10:23:52.793463+00:00] HTTP-REQUEST.INFO: [GET] http://api.valami.test:8888/user/1234 [] []
[2022-09-20T10:23:52.797448+00:00] ERROR.ERROR: [TypeError] Atomino2\Mercury\Middleware\CatchException::handle(): Return value must be of type ?Symfony\Component\HttpFoundation\Response, none returned (0) (/Users/elvis/Dev/Atomino2/src/Mercury/Middleware/CatchException.php @ 16 [] []
[2022-09-20T10:23:52.830997+00:00] HTTP-REQUEST.INFO: [GET] http://api.valami.test:8888/favicon.ico [] []
[2022-09-20T10:25:45.297199+00:00] HTTP-REQUEST.INFO: [GET] http://api.valami.test:8888/user/1234 [] []
[2022-09-20T10:25:45.309243+00:00] ERROR.ERROR: [Exception] fasza (1) (/Users/elvis/Dev/Atomino2/app/Mission/Api/Endpoint/User.php @ 10 [] []
[2022-09-20T10:25:45.425580+00:00] HTTP-REQUEST.INFO: [GET] http://api.valami.test:8888/favicon.ico [] []
[2022-09-20T10:31:04.207921+00:00] HTTP-REQUEST.INFO: [GET] http://api.valami.test:8888/user/1234 [] []
[2022-09-20T10:31:04.221204+00:00] ERROR.ERROR: [Exception] fasza (1) (/Users/elvis/Dev/Atomino2/app/Mission/Api/Endpoint/User.php @ 10 [] []
[2022-09-20T10:31:04.316003+00:00] HTTP-REQUEST.INFO: [GET] http://api.valami.test:8888/favicon.ico [] []
[2022-09-20T10:31:21.550430+00:00] HTTP-REQUEST.INFO: [GET] http://api.valami.test:8888/user/1234 [] []
[2022-09-20T10:31:21.553166+00:00] ERROR.ERROR: [Exception] fasza (1) (/Users/elvis/Dev/Atomino2/app/Mission/Api/Endpoint/User.php @ 10 [] []
[2022-09-20T10:31:21.583076+00:00] HTTP-REQUEST.INFO: [GET] http://api.valami.test:8888/favicon.ico [] []
[2022-09-20T10:32:46.653951+00:00] HTTP-REQUEST.INFO: [GET] http://api.valami.test:8888/user/1234 [] []
[2022-09-20T10:32:46.656426+00:00] ERROR.ERROR: [Exception] fasza (1) (/Users/elvis/Dev/Atomino2/app/Mission/Api/Endpoint/User.php @ 10 [] []
[2022-09-20T10:32:46.692349+00:00] HTTP-REQUEST.INFO: [GET] http://api.valami.test:8888/favicon.ico [] []
[2022-09-20T10:32:47.216928+00:00] HTTP-REQUEST.INFO: [GET] http://api.valami.test:8888/user/1234 [] []
[2022-09-20T10:32:47.218179+00:00] ERROR.ERROR: [Exception] fasza (1) (/Users/elvis/Dev/Atomino2/app/Mission/Api/Endpoint/User.php @ 10 [] []
[2022-09-20T10:32:47.241596+00:00] HTTP-REQUEST.INFO: [GET] http://api.valami.test:8888/favicon.ico [] []
[2022-09-20T10:32:47.821935+00:00] HTTP-REQUEST.INFO: [GET] http://api.valami.test:8888/user/1234 [] []
[2022-09-20T10:32:47.823529+00:00] ERROR.ERROR: [Exception] fasza (1) (/Users/elvis/Dev/Atomino2/app/Mission/Api/Endpoint/User.php @ 10 [] []
[2022-09-20T10:32:47.851017+00:00] HTTP-REQUEST.INFO: [GET] http://api.valami.test:8888/favicon.ico [] []
[2022-09-20T10:32:48.171302+00:00] HTTP-REQUEST.INFO: [GET] http://api.valami.test:8888/user/1234 [] []
[2022-09-20T10:32:48.172638+00:00] ERROR.ERROR: [Exception] fasza (1) (/Users/elvis/Dev/Atomino2/app/Mission/Api/Endpoint/User.php @ 10 [] []
[2022-09-20T10:32:48.192140+00:00] HTTP-REQUEST.INFO: [GET] http://api.valami.test:8888/favicon.ico [] []
[2022-09-20T10:32:57.801556+00:00] HTTP-REQUEST.INFO: [GET] http://api.valami.test:8888/user/1234 [] []
[2022-09-20T10:32:57.803086+00:00] ERROR.ERROR: [Exception] fasza (1) (/Users/elvis/Dev/Atomino2/app/Mission/Api/Endpoint/User.php @ 10 [] []
[2022-09-20T10:32:57.834395+00:00] HTTP-REQUEST.INFO: [GET] http://api.valami.test:8888/favicon.ico [] []
[2022-09-20T10:32:58.521400+00:00] HTTP-REQUEST.INFO: [GET] http://api.valami.test:8888/user/1234 [] []
[2022-09-20T10:32:58.523146+00:00] ERROR.ERROR: [Exception] fasza (1) (/Users/elvis/Dev/Atomino2/app/Mission/Api/Endpoint/User.php @ 10 [] []
[2022-09-20T10:32:58.547667+00:00] HTTP-REQUEST.INFO: [GET] http://api.valami.test:8888/favicon.ico [] []
[2022-09-20T10:32:59.182896+00:00] HTTP-REQUEST.INFO: [GET] http://api.valami.test:8888/user/1234 [] []
[2022-09-20T10:32:59.184407+00:00] ERROR.ERROR: [Exception] fasza (1) (/Users/elvis/Dev/Atomino2/app/Mission/Api/Endpoint/User.php @ 10 [] []
[2022-09-20T10:32:59.207156+00:00] HTTP-REQUEST.INFO: [GET] http://api.valami.test:8888/favicon.ico [] []
[2022-09-20T10:32:59.715477+00:00] HTTP-REQUEST.INFO: [GET] http://api.valami.test:8888/user/1234 [] []
[2022-09-20T10:32:59.719696+00:00] ERROR.ERROR: [Exception] fasza (1) (/Users/elvis/Dev/Atomino2/app/Mission/Api/Endpoint/User.php @ 10 [] []
[2022-09-20T10:32:59.753275+00:00] HTTP-REQUEST.INFO: [GET] http://api.valami.test:8888/favicon.ico [] []
[2022-09-20T10:34:47.225872+00:00] HTTP-REQUEST.INFO: [GET] http://api.valami.test:8888/user/1234 [] []
[2022-09-20T10:34:47.234524+00:00] ERROR.ERROR: [TypeError] Atomino2\Mercury\Middleware\CatchException::handle(): Return value must be of type ?Symfony\Component\HttpFoundation\Response, none returned (0) (/Users/elvis/Dev/Atomino2/src/Mercury/Middleware/CatchException.php @ 26 [] []
[2022-09-20T10:34:47.261828+00:00] HTTP-REQUEST.INFO: [GET] http://api.valami.test:8888/favicon.ico [] []
[2022-09-20T10:35:03.248189+00:00] HTTP-REQUEST.INFO: [GET] http://api.valami.test:8888/user/1234 [] []
[2022-09-20T10:35:03.249341+00:00] ERROR.ERROR: [TypeError] Atomino2\Mercury\Middleware\CatchException::handle(): Return value must be of type ?Symfony\Component\HttpFoundation\Response, none returned (0) (/Users/elvis/Dev/Atomino2/src/Mercury/Middleware/CatchException.php @ 26 [] []
[2022-09-20T10:35:03.269443+00:00] HTTP-REQUEST.INFO: [GET] http://api.valami.test:8888/favicon.ico [] []
[2022-09-20T10:35:22.759631+00:00] HTTP-REQUEST.INFO: [GET] http://api.valami.test:8888/user/1234 [] []
[2022-09-20T10:35:22.772910+00:00] ERROR.ERROR: [TypeError] Atomino2\Mercury\Middleware\CatchException::handle(): Return value must be of type ?Symfony\Component\HttpFoundation\Response, none returned (0) (/Users/elvis/Dev/Atomino2/src/Mercury/Middleware/CatchException.php @ 27 [] []
[2022-09-20T10:35:22.799852+00:00] HTTP-REQUEST.INFO: [GET] http://api.valami.test:8888/favicon.ico [] []
[2022-09-20T10:35:39.083101+00:00] HTTP-REQUEST.INFO: [GET] http://api.valami.test:8888/user/1234 [] []
[2022-09-20T10:35:39.109184+00:00] ERROR.ERROR: [TypeError] Atomino2\Mercury\Middleware\CatchException::handle(): Return value must be of type ?Symfony\Component\HttpFoundation\Response, none returned (0) (/Users/elvis/Dev/Atomino2/src/Mercury/Middleware/CatchException.php @ 28 [] []
[2022-09-20T10:35:39.157205+00:00] HTTP-REQUEST.INFO: [GET] http://api.valami.test:8888/favicon.ico [] []
[2022-09-20T10:35:55.555928+00:00] HTTP-REQUEST.INFO: [GET] http://api.valami.test:8888/user/1234 [] []
[2022-09-20T10:35:55.577851+00:00] ERROR.ERROR: [TypeError] Atomino2\Mercury\Middleware\CatchException::handle(): Return value must be of type ?Symfony\Component\HttpFoundation\Response, none returned (0) (/Users/elvis/Dev/Atomino2/src/Mercury/Middleware/CatchException.php @ 27 [] []
[2022-09-20T10:35:55.624879+00:00] HTTP-REQUEST.INFO: [GET] http://api.valami.test:8888/favicon.ico [] []
[2022-09-20T10:36:32.487639+00:00] HTTP-REQUEST.INFO: [GET] http://api.valami.test:8888/user/1234 [] []
[2022-09-20T10:36:32.499644+00:00] ERROR.ERROR: [TypeError] Atomino2\Mercury\Middleware\CatchException::handle(): Return value must be of type ?Symfony\Component\HttpFoundation\Response, none returned (0) (/Users/elvis/Dev/Atomino2/src/Mercury/Middleware/CatchException.php @ 30 [] []
[2022-09-20T10:36:32.609215+00:00] HTTP-REQUEST.INFO: [GET] http://api.valami.test:8888/favicon.ico [] []
[2022-09-20T10:36:44.626675+00:00] HTTP-REQUEST.INFO: [GET] http://api.valami.test:8888/user/1234 [] []
[2022-09-20T10:36:44.628245+00:00] ERROR.ERROR: [TypeError] Atomino2\Mercury\Middleware\CatchException::handle(): Return value must be of type ?Symfony\Component\HttpFoundation\Response, none returned (0) (/Users/elvis/Dev/Atomino2/src/Mercury/Middleware/CatchException.php @ 26 [] []
[2022-09-20T10:36:44.650750+00:00] HTTP-REQUEST.INFO: [GET] http://api.valami.test:8888/favicon.ico [] []
[2022-09-20T10:37:49.708963+00:00] HTTP-REQUEST.INFO: [GET] http://api.valami.test:8888/user/1234 [] []
[2022-09-20T10:37:49.710750+00:00] ERROR.ERROR: [Exception] fasza (1) (/Users/elvis/Dev/Atomino2/app/Mission/Api/Endpoint/User.php @ 10 [] []
[2022-09-20T10:37:49.731566+00:00] HTTP-REQUEST.INFO: [GET] http://api.valami.test:8888/favicon.ico [] []
[2022-09-20T10:38:01.282448+00:00] HTTP-REQUEST.INFO: [GET] http://api.valami.test:8888/user/1234 [] []
[2022-09-20T10:38:01.308054+00:00] HTTP-REQUEST.INFO: [GET] http://api.valami.test:8888/favicon.ico [] []
[2022-09-20T10:38:07.107658+00:00] HTTP-REQUEST.INFO: [GET] http://api.valami.test:8888/user/1234 [] []
[2022-09-20T10:38:07.109251+00:00] ERROR.ERROR: [Exception] fasza (1) (/Users/elvis/Dev/Atomino2/app/Mission/Api/Endpoint/User.php @ 10 [] []
[2022-09-20T10:38:07.142046+00:00] HTTP-REQUEST.INFO: [GET] http://api.valami.test:8888/favicon.ico [] []
[2022-09-20T10:38:15.208218+00:00] HTTP-REQUEST.INFO: [GET] http://api.valami.test:8888/user/1234 [] []
[2022-09-20T10:38:15.239529+00:00] HTTP-REQUEST.INFO: [GET] http://api.valami.test:8888/favicon.ico [] []
[2022-09-20T10:38:21.735936+00:00] HTTP-REQUEST.INFO: [GET] http://api.valami.test:8888/user/1234 [] []
[2022-09-20T10:38:21.758506+00:00] HTTP-REQUEST.INFO: [GET] http://api.valami.test:8888/favicon.ico [] []
[2022-09-20T10:38:48.224080+00:00] HTTP-REQUEST.INFO: [GET] http://api.valami.test:8888/user/1234 [] []
[2022-09-20T10:38:48.225234+00:00] ERROR.ERROR: [Exception] fasza (1) (/Users/elvis/Dev/Atomino2/app/Mission/Api/Endpoint/User.php @ 10 [] []
[2022-09-20T10:38:48.245276+00:00] HTTP-REQUEST.INFO: [GET] http://api.valami.test:8888/favicon.ico [] []
[2022-09-20T10:39:07.614894+00:00] HTTP-REQUEST.INFO: [GET] http://api.valami.test:8888/user/1234 [] []
[2022-09-20T10:39:07.620312+00:00] ERROR.ERROR: [Exception] fasza (1) (/Users/elvis/Dev/Atomino2/app/Mission/Api/Endpoint/User.php @ 10 [] []
[2022-09-20T10:39:07.645548+00:00] HTTP-REQUEST.INFO: [GET] http://api.valami.test:8888/favicon.ico [] []
[2022-09-20T10:41:02.704502+00:00] HTTP-REQUEST.INFO: [GET] http://api.valami.test:8888/user/1234 [] []
[2022-09-20T10:41:02.705652+00:00] ERROR.ERROR: [Exception] fasza (1) (/Users/elvis/Dev/Atomino2/app/Mission/Api/Endpoint/User.php @ 10 [] []
[2022-09-20T10:41:02.732496+00:00] HTTP-REQUEST.INFO: [GET] http://api.valami.test:8888/favicon.ico [] []
[2022-09-20T10:41:17.031075+00:00] HTTP-REQUEST.INFO: [GET] http://api.valami.test:8888/user/1234 [] []
[2022-09-20T10:41:17.033213+00:00] ERROR.ERROR: [InvalidArgumentException] fasza (1) (/Users/elvis/Dev/Atomino2/app/Mission/Api/Endpoint/User.php @ 10 [] []
[2022-09-20T10:41:17.057963+00:00] HTTP-REQUEST.INFO: [GET] http://api.valami.test:8888/favicon.ico [] []
[2022-09-20T10:41:29.450433+00:00] HTTP-REQUEST.INFO: [GET] http://api.valami.test:8888/user/1234 [] []
[2022-09-20T10:41:29.474849+00:00] HTTP-REQUEST.INFO: [GET] http://api.valami.test:8888/favicon.ico [] []
[2022-09-20T10:41:30.424563+00:00] HTTP-REQUEST.INFO: [GET] http://api.valami.test:8888/user/1234 [] []
[2022-09-20T10:41:30.448726+00:00] HTTP-REQUEST.INFO: [GET] http://api.valami.test:8888/favicon.ico [] []
[2022-09-20T10:41:48.983253+00:00] HTTP-REQUEST.INFO: [GET] http://api.valami.test:8888/user/1234 [] []
[2022-09-20T10:41:49.089821+00:00] HTTP-REQUEST.INFO: [GET] http://api.valami.test:8888/favicon.ico [] []
[2022-09-20T10:42:12.269959+00:00] HTTP-REQUEST.INFO: [GET] http://api.valami.test:8888/user/1234 [] []
[2022-09-20T10:42:12.289431+00:00] HTTP-REQUEST.INFO: [GET] http://api.valami.test:8888/favicon.ico [] []
[2022-09-20T10:51:22.418897+00:00] HTTP-REQUEST.INFO: [GET] http://api.valami.test:8888/user/1234 [] []
[2022-09-20T10:51:22.427660+00:00] ERROR.ERROR: [Atomino2\Mercury\RequestHandlerErrorException] Atomino2\Mercury\RequestHandlerErrorException::__construct(): Argument #2 ($code) must be of type int, string given, called in /Users/elvis/Dev/Atomino2/src/Mercury/AbstractRequestHandler.php on line 53 (0) (/Users/elvis/Dev/Atomino2/src/Mercury/AbstractRequestHandler.php @ 53 [] []
[2022-09-20T10:51:22.508084+00:00] HTTP-REQUEST.INFO: [GET] http://api.valami.test:8888/favicon.ico [] []
[2022-09-20T10:51:23.916705+00:00] HTTP-REQUEST.INFO: [GET] http://api.valami.test:8888/user/1234 [] []
[2022-09-20T10:51:23.918419+00:00] ERROR.ERROR: [Atomino2\Mercury\RequestHandlerErrorException] Atomino2\Mercury\RequestHandlerErrorException::__construct(): Argument #2 ($code) must be of type int, string given, called in /Users/elvis/Dev/Atomino2/src/Mercury/AbstractRequestHandler.php on line 53 (0) (/Users/elvis/Dev/Atomino2/src/Mercury/AbstractRequestHandler.php @ 53 [] []
[2022-09-20T10:51:23.940580+00:00] HTTP-REQUEST.INFO: [GET] http://api.valami.test:8888/favicon.ico [] []
[2022-09-20T10:53:02.296505+00:00] HTTP-REQUEST.INFO: [GET] http://api.valami.test:8888/user/1234 [] []
[2022-09-20T10:53:02.300992+00:00] ERROR.ERROR: [Atomino2\Mercury\RequestHandlerErrorException]  (0) (/Users/elvis/Dev/Atomino2/src/Mercury/AbstractRequestHandler.php @ 53 [] []
[2022-09-20T10:53:02.331747+00:00] HTTP-REQUEST.INFO: [GET] http://api.valami.test:8888/favicon.ico [] []
[2022-09-20T10:53:38.590082+00:00] HTTP-REQUEST.INFO: [GET] http://api.valami.test:8888/user/1234 [] []
[2022-09-20T10:53:38.592606+00:00] ERROR.ERROR: [Atomino2\Mercury\RequestHandlerErrorException]  (0) (/Users/elvis/Dev/Atomino2/src/Mercury/AbstractRequestHandler.php @ 53 [] []
[2022-09-20T10:53:38.611579+00:00] HTTP-REQUEST.INFO: [GET] http://api.valami.test:8888/favicon.ico [] []
[2022-09-20T10:54:36.932538+00:00] HTTP-REQUEST.INFO: [GET] http://api.valami.test:8888/user/1234 [] []
[2022-09-20T10:54:36.936183+00:00] ERROR.ERROR: [Atomino2\Mercury\RequestHandlerErrorException]  (0) (/Users/elvis/Dev/Atomino2/src/Mercury/AbstractRequestHandler.php @ 53 [] []
[2022-09-20T10:54:36.980641+00:00] HTTP-REQUEST.INFO: [GET] http://api.valami.test:8888/favicon.ico [] []
[2022-09-20T11:00:46.503328+00:00] HTTP-REQUEST.INFO: [GET] http://api.valami.test:8888/user/1234 [] []
[2022-09-20T11:00:46.504644+00:00] ERROR.ERROR: [ParseError] syntax error, unexpected token "class", expecting variable or "$" (0) (/Users/elvis/Dev/Atomino2/src/Mercury/Middleware/CatchException.php @ 13 [] []
[2022-09-20T11:00:46.614678+00:00] HTTP-REQUEST.INFO: [GET] http://api.valami.test:8888/favicon.ico [] []
[2022-09-20T11:00:46.615033+00:00] ERROR.ERROR: [ParseError] syntax error, unexpected token "class", expecting variable or "$" (0) (/Users/elvis/Dev/Atomino2/src/Mercury/Middleware/CatchException.php @ 13 [] []
[2022-09-20T11:01:28.256803+00:00] HTTP-REQUEST.INFO: [GET] http://api.valami.test:8888/user/1234 [] []
[2022-09-20T11:01:28.258056+00:00] ERROR.ERROR: [ParseError] syntax error, unexpected token "class", expecting variable or "$" (0) (/Users/elvis/Dev/Atomino2/src/Mercury/Middleware/CatchException.php @ 14 [] []
[2022-09-20T11:01:28.285908+00:00] HTTP-REQUEST.INFO: [GET] http://api.valami.test:8888/favicon.ico [] []
[2022-09-20T11:01:28.286350+00:00] ERROR.ERROR: [ParseError] syntax error, unexpected token "class", expecting variable or "$" (0) (/Users/elvis/Dev/Atomino2/src/Mercury/Middleware/CatchException.php @ 14 [] []
[2022-09-20T11:01:54.617253+00:00] HTTP-REQUEST.INFO: [GET] http://api.valami.test:8888/user/1234 [] []
[2022-09-20T11:01:54.617695+00:00] ERROR.ERROR: [ParseError] syntax error, unexpected token "class", expecting variable or "$" (0) (/Users/elvis/Dev/Atomino2/src/Mercury/Middleware/CatchException.php @ 27 [] []
[2022-09-20T11:01:54.637043+00:00] HTTP-REQUEST.INFO: [GET] http://api.valami.test:8888/favicon.ico [] []
[2022-09-20T11:01:54.637312+00:00] ERROR.ERROR: [ParseError] syntax error, unexpected token "class", expecting variable or "$" (0) (/Users/elvis/Dev/Atomino2/src/Mercury/Middleware/CatchException.php @ 27 [] []
[2022-09-20T11:02:08.608542+00:00] HTTP-REQUEST.INFO: [GET] http://api.valami.test:8888/user/1234 [] []
[2022-09-20T11:02:08.611466+00:00] ERROR.ERROR: [Atomino2\Mercury\RequestHandlerErrorException]  (0) (/Users/elvis/Dev/Atomino2/src/Mercury/AbstractRequestHandler.php @ 53 [] []
[2022-09-20T11:02:08.651587+00:00] HTTP-REQUEST.INFO: [GET] http://api.valami.test:8888/favicon.ico [] []
[2022-09-20T11:02:10.101110+00:00] HTTP-REQUEST.INFO: [GET] http://api.valami.test:8888/user/1234 [] []
[2022-09-20T11:02:10.103289+00:00] ERROR.ERROR: [Atomino2\Mercury\RequestHandlerErrorException]  (0) (/Users/elvis/Dev/Atomino2/src/Mercury/AbstractRequestHandler.php @ 53 [] []
[2022-09-20T11:02:10.127679+00:00] HTTP-REQUEST.INFO: [GET] http://api.valami.test:8888/favicon.ico [] []
[2022-09-20T11:02:26.425707+00:00] HTTP-REQUEST.INFO: [GET] http://api.valami.test:8888/user/1234 [] []
[2022-09-20T11:02:26.442838+00:00] ERROR.ERROR: [Atomino2\Mercury\RequestHandlerErrorException]  (0) (/Users/elvis/Dev/Atomino2/src/Mercury/AbstractRequestHandler.php @ 53 [] []
[2022-09-20T11:02:26.471197+00:00] HTTP-REQUEST.INFO: [GET] http://api.valami.test:8888/favicon.ico [] []
[2022-09-20T11:02:42.135896+00:00] HTTP-REQUEST.INFO: [GET] http://api.valami.test:8888/user/1234 [] []
[2022-09-20T11:02:42.138638+00:00] ERROR.ERROR: [Atomino2\Mercury\RequestHandlerErrorException]  (0) (/Users/elvis/Dev/Atomino2/src/Mercury/AbstractRequestHandler.php @ 53 [] []
[2022-09-20T11:02:42.168020+00:00] HTTP-REQUEST.INFO: [GET] http://api.valami.test:8888/favicon.ico [] []
[2022-09-20T11:02:57.874238+00:00] HTTP-REQUEST.INFO: [GET] http://api.valami.test:8888/user/1234 [] []
[2022-09-20T11:02:57.880157+00:00] ERROR.ERROR: [WARNING] Undefined array key 999 (/Users/elvis/Dev/Atomino2/src/Mercury/Middleware/CatchException.php @ 53 [] []
[2022-09-20T11:02:57.880587+00:00] ERROR.ERROR: [InvalidArgumentException] The HTTP status code "999" is not valid. (0) (/Users/elvis/Dev/Atomino2/vendor/symfony/http-foundation/Response.php @ 448 [] []
[2022-09-20T11:02:57.908910+00:00] HTTP-REQUEST.INFO: [GET] http://api.valami.test:8888/favicon.ico [] []
[2022-09-20T11:02:59.514097+00:00] HTTP-REQUEST.INFO: [GET] http://api.valami.test:8888/user/1234 [] []
[2022-09-20T11:02:59.515765+00:00] ERROR.ERROR: [WARNING] Undefined array key 999 (/Users/elvis/Dev/Atomino2/src/Mercury/Middleware/CatchException.php @ 53 [] []
[2022-09-20T11:02:59.516029+00:00] ERROR.ERROR: [InvalidArgumentException] The HTTP status code "999" is not valid. (0) (/Users/elvis/Dev/Atomino2/vendor/symfony/http-foundation/Response.php @ 448 [] []
[2022-09-20T11:02:59.538909+00:00] HTTP-REQUEST.INFO: [GET] http://api.valami.test:8888/favicon.ico [] []
[2022-09-20T11:03:05.176638+00:00] HTTP-REQUEST.INFO: [GET] http://api.valami.test:8888/user/1234 [] []
[2022-09-20T11:03:05.178350+00:00] ERROR.ERROR: [Atomino2\Mercury\RequestHandlerErrorException]  (0) (/Users/elvis/Dev/Atomino2/src/Mercury/AbstractRequestHandler.php @ 53 [] []
[2022-09-20T11:03:05.204276+00:00] HTTP-REQUEST.INFO: [GET] http://api.valami.test:8888/favicon.ico [] []
[2022-09-20T11:03:48.229467+00:00] HTTP-REQUEST.INFO: [GET] http://api.valami.test:8888/user/1234 [] []
[2022-09-20T11:03:48.233026+00:00] ERROR.ERROR: [Atomino2\Mercury\RequestHandlerErrorException]  (0) (/Users/elvis/Dev/Atomino2/src/Mercury/AbstractRequestHandler.php @ 53 [] []
[2022-09-20T11:03:48.267539+00:00] HTTP-REQUEST.INFO: [GET] http://api.valami.test:8888/favicon.ico [] []
[2022-09-20T11:03:55.764523+00:00] HTTP-REQUEST.INFO: [GET] http://api.valami.test:8888/user/1234 [] []
[2022-09-20T11:03:55.765655+00:00] ERROR.ERROR: [Atomino2\Mercury\RequestHandlerErrorException]  (0) (/Users/elvis/Dev/Atomino2/src/Mercury/AbstractRequestHandler.php @ 53 [] []
[2022-09-20T11:03:55.788810+00:00] HTTP-REQUEST.INFO: [GET] http://api.valami.test:8888/favicon.ico [] []
[2022-09-20T11:04:14.845721+00:00] HTTP-REQUEST.INFO: [GET] http://api.valami.test:8888/user/1234 [] []
[2022-09-20T11:04:14.856285+00:00] ERROR.ERROR: [Atomino2\Mercury\RequestHandlerErrorException]  (0) (/Users/elvis/Dev/Atomino2/src/Mercury/AbstractRequestHandler.php @ 53 [] []
[2022-09-20T11:04:14.881886+00:00] HTTP-REQUEST.INFO: [GET] http://api.valami.test:8888/favicon.ico [] []
[2022-09-20T11:04:50.594625+00:00] HTTP-REQUEST.INFO: [GET] http://api.valami.test:8888/user/1234 [] []
[2022-09-20T11:04:50.643136+00:00] HTTP-REQUEST.INFO: [GET] http://api.valami.test:8888/favicon.ico [] []
[2022-09-20T11:04:51.508833+00:00] HTTP-REQUEST.INFO: [GET] http://api.valami.test:8888/user/1234 [] []
[2022-09-20T11:04:51.531319+00:00] HTTP-REQUEST.INFO: [GET] http://api.valami.test:8888/favicon.ico [] []
[2022-09-20T11:04:59.373555+00:00] HTTP-REQUEST.INFO: [GET] http://api.valami.test:8888/user/1234 [] []
[2022-09-20T11:04:59.397725+00:00] HTTP-REQUEST.INFO: [GET] http://api.valami.test:8888/favicon.ico [] []
[2022-09-20T11:05:29.310232+00:00] HTTP-REQUEST.INFO: [GET] http://api.valami.test:8888/user/1234 [] []
[2022-09-20T11:05:29.347909+00:00] HTTP-REQUEST.INFO: [GET] http://api.valami.test:8888/favicon.ico [] []
[2022-09-20T11:24:09.863994+00:00] HTTP-REQUEST.INFO: [GET] http://api.valami.test:8888/user/1234 [] []
[2022-09-20T11:24:09.866356+00:00] ERROR.ERROR: [Atomino2\Mercury\RequestHandlerErrorException]  (0) (/Users/elvis/Dev/Atomino2/src/Mercury/AbstractRequestHandler.php @ 53 [] []
[2022-09-20T11:24:10.043373+00:00] HTTP-REQUEST.INFO: [GET] http://api.valami.test:8888/favicon.ico [] []
[2022-09-20T11:24:33.198232+00:00] HTTP-REQUEST.INFO: [GET] http://api.valami.test:8888/user/1234 [] []
[2022-09-20T11:24:33.200417+00:00] ERROR.ERROR: [Atomino2\Mercury\RequestHandlerErrorException]  (0) (/Users/elvis/Dev/Atomino2/src/Mercury/AbstractRequestHandler.php @ 53 [] []
[2022-09-20T11:24:33.233915+00:00] HTTP-REQUEST.INFO: [GET] http://api.valami.test:8888/favicon.ico [] []
[2022-09-20T11:24:43.023014+00:00] HTTP-REQUEST.INFO: [GET] http://api.valami.test:8888/user/1234 [] []
[2022-09-20T11:24:43.024467+00:00] ERROR.ERROR: [Atomino2\Mercury\RequestHandlerErrorException]  (0) (/Users/elvis/Dev/Atomino2/src/Mercury/AbstractRequestHandler.php @ 53 [] []
[2022-09-20T11:24:43.057239+00:00] HTTP-REQUEST.INFO: [GET] http://api.valami.test:8888/favicon.ico [] []
[2022-09-20T11:26:54.640309+00:00] HTTP-REQUEST.INFO: [GET] http://api.valami.test:8888/user/1234 [] []
[2022-09-20T11:26:54.689193+00:00] HTTP-REQUEST.INFO: [GET] http://api.valami.test:8888/favicon.ico [] []
[2022-09-20T11:27:00.204407+00:00] HTTP-REQUEST.INFO: [GET] http://api.valami.test:8888/user/1234 [] []
[2022-09-20T11:27:00.235837+00:00] HTTP-REQUEST.INFO: [GET] http://api.valami.test:8888/favicon.ico [] []
[2022-09-20T11:27:00.792328+00:00] HTTP-REQUEST.INFO: [GET] http://api.valami.test:8888/user/1234 [] []
[2022-09-20T11:27:00.813564+00:00] HTTP-REQUEST.INFO: [GET] http://api.valami.test:8888/favicon.ico [] []
[2022-09-20T11:27:05.374252+00:00] HTTP-REQUEST.INFO: [GET] http://api.valami.test:8888/user/1234 [] []
[2022-09-20T11:27:05.404622+00:00] HTTP-REQUEST.INFO: [GET] http://api.valami.test:8888/favicon.ico [] []
[2022-09-20T11:30:02.069525+00:00] HTTP-REQUEST.INFO: [GET] http://api.valami.test:8888/user/1234 [] []
[2022-09-20T11:30:02.155943+00:00] HTTP-REQUEST.INFO: [GET] http://api.valami.test:8888/favicon.ico [] []
[2022-09-20T11:30:51.366068+00:00] HTTP-REQUEST.INFO: [GET] http://api.valami.test:8888/user/1234 [] []
[2022-09-20T11:30:51.437780+00:00] HTTP-REQUEST.INFO: [GET] http://api.valami.test:8888/favicon.ico [] []
[2022-09-20T11:31:06.456229+00:00] HTTP-REQUEST.INFO: [GET] http://api.valami.test:8888/user/1234 [] []
[2022-09-20T11:31:06.458365+00:00] ERROR.ERROR: [WARNING] Undefined array key 0 (/Users/elvis/Dev/Atomino2/app/Mission/Api/Endpoint/User.php @ 16 [] []
[2022-09-20T11:31:06.458633+00:00] ERROR.ERROR: [Error] Call to a member function newInstance() on null (0) (/Users/elvis/Dev/Atomino2/app/Mission/Api/Endpoint/User.php @ 16 [] []
[2022-09-20T11:31:06.492277+00:00] HTTP-REQUEST.INFO: [GET] http://api.valami.test:8888/favicon.ico [] []
[2022-09-20T11:32:26.277672+00:00] HTTP-REQUEST.INFO: [GET] http://api.valami.test:8888/user/1234 [] []
[2022-09-20T11:32:26.284598+00:00] ERROR.ERROR: [Error] Call to undefined method ReflectionAttribute::getInstance() (0) (/Users/elvis/Dev/Atomino2/app/Mission/Api/Endpoint/User.php @ 17 [] []
[2022-09-20T11:32:26.316267+00:00] HTTP-REQUEST.INFO: [GET] http://api.valami.test:8888/favicon.ico [] []
[2022-09-20T11:33:04.158607+00:00] HTTP-REQUEST.INFO: [GET] http://api.valami.test:8888/user/1234 [] []
[2022-09-20T11:33:04.204577+00:00] HTTP-REQUEST.INFO: [GET] http://api.valami.test:8888/favicon.ico [] []
[2022-09-20T11:33:18.206208+00:00] HTTP-REQUEST.INFO: [GET] http://api.valami.test:8888/user/1234 [] []
[2022-09-20T11:33:18.251187+00:00] HTTP-REQUEST.INFO: [GET] http://api.valami.test:8888/favicon.ico [] []
[2022-09-20T11:34:56.071796+00:00] HTTP-REQUEST.INFO: [GET] http://api.valami.test:8888/user/1234 [] []
[2022-09-20T11:34:56.119409+00:00] HTTP-REQUEST.INFO: [GET] http://api.valami.test:8888/favicon.ico [] []
[2022-09-20T11:36:17.087657+00:00] HTTP-REQUEST.INFO: [GET] http://api.valami.test:8888/user/1234 [] []
[2022-09-20T11:36:17.181950+00:00] HTTP-REQUEST.INFO: [GET] http://api.valami.test:8888/favicon.ico [] []
[2022-09-20T11:40:09.133227+00:00] HTTP-REQUEST.INFO: [GET] http://api.valami.test:8888/user/1234 [] []
[2022-09-20T11:40:09.137248+00:00] ERROR.ERROR: [Error] Call to a member function setMethods() on string (0) (/Users/elvis/Dev/Atomino2/app/Mission/Api/Endpoint/User.php @ 22 [] []
[2022-09-20T11:40:09.167448+00:00] HTTP-REQUEST.INFO: [GET] http://api.valami.test:8888/favicon.ico [] []
[2022-09-20T11:40:19.085660+00:00] HTTP-REQUEST.INFO: [GET] http://api.valami.test:8888/user/1234 [] []
[2022-09-20T11:40:19.128942+00:00] HTTP-REQUEST.INFO: [GET] http://api.valami.test:8888/favicon.ico [] []
[2022-09-20T11:49:06.019667+00:00] HTTP-REQUEST.INFO: [GET] http://api.valami.test:8888/user/1234 [] []
[2022-09-20T11:49:06.075168+00:00] HTTP-REQUEST.INFO: [GET] http://api.valami.test:8888/favicon.ico [] []
[2022-09-20T11:49:06.785303+00:00] HTTP-REQUEST.INFO: [GET] http://api.valami.test:8888/user/1234 [] []
[2022-09-20T11:49:06.811293+00:00] HTTP-REQUEST.INFO: [GET] http://api.valami.test:8888/favicon.ico [] []
[2022-09-20T11:49:18.866667+00:00] HTTP-REQUEST.INFO: [GET] http://api.valami.test:8888/user/hello [] []
[2022-09-20T11:49:26.406553+00:00] HTTP-REQUEST.INFO: [GET] http://api.valami.test:8888/user/hello [] []
[2022-09-20T11:49:26.427631+00:00] HTTP-REQUEST.INFO: [GET] http://api.valami.test:8888/favicon.ico [] []
[2022-09-20T11:49:51.182904+00:00] HTTP-REQUEST.INFO: [GET] http://api.valami.test:8888/user/hello [] []
[2022-09-20T11:49:51.221846+00:00] HTTP-REQUEST.INFO: [GET] http://api.valami.test:8888/favicon.ico [] []
[2022-09-20T11:49:54.464237+00:00] HTTP-REQUEST.INFO: [GET] http://api.valami.test:8888/user/helloe [] []
[2022-09-20T11:49:54.466878+00:00] ERROR.ERROR: [Atomino2\Mercury\RequestHandlerErrorException]  (0) (/Users/elvis/Dev/Atomino2/src/Mercury/AbstractRequestHandler.php @ 53 [] []
[2022-09-20T11:50:00.647382+00:00] HTTP-REQUEST.INFO: [GET] http://api.valami.test:8888/user/hello [] []
[2022-09-20T11:53:59.879584+00:00] HTTP-REQUEST.INFO: [GET] http://api.valami.test:8888/user/hello [] []
[2022-09-20T11:53:59.902389+00:00] HTTP-REQUEST.INFO: [GET] http://api.valami.test:8888/favicon.ico [] []
[2022-09-20T11:54:12.902752+00:00] HTTP-REQUEST.INFO: [GET] http://api.valami.test:8888/user/hello [] []
[2022-09-20T11:54:12.935156+00:00] HTTP-REQUEST.INFO: [GET] http://api.valami.test:8888/favicon.ico [] []
[2022-09-20T11:54:51.999630+00:00] HTTP-REQUEST.INFO: [GET] http://api.valami.test:8888/user/hello [] []
[2022-09-20T11:54:52.092404+00:00] HTTP-REQUEST.INFO: [GET] http://api.valami.test:8888/favicon.ico [] []
[2022-09-20T11:55:01.492654+00:00] HTTP-REQUEST.INFO: [GET] http://api.valami.test:8888/user/hello [] []
[2022-09-20T11:55:01.493583+00:00] ERROR.ERROR: [Atomino2\Mercury\RequestHandlerErrorException]  (0) (/Users/elvis/Dev/Atomino2/src/Mercury/AbstractRequestHandler.php @ 53 [] []
[2022-09-20T11:55:01.511346+00:00] HTTP-REQUEST.INFO: [GET] http://api.valami.test:8888/favicon.ico [] []
[2022-09-20T11:55:05.937914+00:00] HTTP-REQUEST.INFO: [GET] http://api.valami.test:8888/user/hello/vil%C3%A1g [] []
[2022-09-20T11:55:24.782435+00:00] HTTP-REQUEST.INFO: [GET] http://api.valami.test:8888/user/hello/vil%C3%A1g [] []
[2022-09-20T11:55:24.821979+00:00] HTTP-REQUEST.INFO: [GET] http://api.valami.test:8888/favicon.ico [] []
[2022-09-20T11:56:10.321118+00:00] HTTP-REQUEST.INFO: [GET] http://api.valami.test:8888/user/hello/vil%C3%A1g [] []
[2022-09-20T11:56:10.358099+00:00] HTTP-REQUEST.INFO: [GET] http://api.valami.test:8888/favicon.ico [] []
[2022-09-20T11:56:26.448883+00:00] HTTP-REQUEST.INFO: [GET] http://api.valami.test:8888/user/hello/vil%C3%A1g [] []
[2022-09-20T11:56:26.466581+00:00] HTTP-REQUEST.INFO: [GET] http://api.valami.test:8888/favicon.ico [] []
[2022-09-20T11:56:40.178952+00:00] HTTP-REQUEST.INFO: [GET] http://api.valami.test:8888/user/hello/vil%C3%A1g [] []
[2022-09-20T11:56:40.199392+00:00] HTTP-REQUEST.INFO: [GET] http://api.valami.test:8888/favicon.ico [] []
[2022-09-20T11:56:40.981125+00:00] HTTP-REQUEST.INFO: [GET] http://api.valami.test:8888/user/hello/vil%C3%A1g [] []
[2022-09-20T11:56:40.997195+00:00] HTTP-REQUEST.INFO: [GET] http://api.valami.test:8888/favicon.ico [] []
[2022-09-20T11:56:48.086436+00:00] HTTP-REQUEST.INFO: [GET] http://api.valami.test:8888/user/hello/vil%C3%A1g [] []
[2022-09-20T11:56:48.089665+00:00] ERROR.ERROR: [Atomino2\Mercury\RequestHandlerErrorException]  (0) (/Users/elvis/Dev/Atomino2/src/Mercury/AbstractRequestHandler.php @ 53 [] []
[2022-09-20T11:56:48.126276+00:00] HTTP-REQUEST.INFO: [GET] http://api.valami.test:8888/favicon.ico [] []
[2022-09-20T12:03:37.549073+00:00] HTTP-REQUEST.INFO: [GET] http://api.valami.test:8888/user/hello/vil%C3%A1g [] []
[2022-09-20T12:03:37.639806+00:00] HTTP-REQUEST.INFO: [GET] http://api.valami.test:8888/favicon.ico [] []
[2022-09-20T12:03:45.968964+00:00] HTTP-REQUEST.INFO: [GET] http://api.valami.test:8888/user/hello/vil%C3%A1g [] []
[2022-09-20T12:03:46.005422+00:00] HTTP-REQUEST.INFO: [GET] http://api.valami.test:8888/favicon.ico [] []
[2022-09-20T12:03:50.136181+00:00] HTTP-REQUEST.INFO: [GET] http://api.valami.test:8888/user/hello/vil%C3%A1g [] []
[2022-09-20T12:03:50.138798+00:00] ERROR.ERROR: [Atomino2\Mercury\RequestHandlerErrorException]  (0) (/Users/elvis/Dev/Atomino2/src/Mercury/AbstractRequestHandler.php @ 53 [] []
[2022-09-20T12:03:50.168344+00:00] HTTP-REQUEST.INFO: [GET] http://api.valami.test:8888/favicon.ico [] []
[2022-09-20T12:03:58.864509+00:00] HTTP-REQUEST.INFO: [GET] http://api.valami.test:8888/user/hello/vil%C3%A1g [] []
[2022-09-20T12:03:58.899921+00:00] HTTP-REQUEST.INFO: [GET] http://api.valami.test:8888/favicon.ico [] []
[2022-09-20T12:04:18.233663+00:00] HTTP-REQUEST.INFO: [GET] http://api.valami.test:8888/user/hello/vil%C3%A1g [] []
[2022-09-20T12:04:18.282863+00:00] HTTP-REQUEST.INFO: [GET] http://api.valami.test:8888/favicon.ico [] []
[2022-09-20T12:05:02.211209+00:00] HTTP-REQUEST.INFO: [GET] http://api.valami.test:8888/user/hello/vil%C3%A1g [] []
[2022-09-20T12:05:02.244288+00:00] HTTP-REQUEST.INFO: [GET] http://api.valami.test:8888/favicon.ico [] []
[2022-09-20T12:05:02.510672+00:00] HTTP-REQUEST.INFO: [GET] http://api.valami.test:8888/user/hello/vil%C3%A1g [] []
[2022-09-20T12:05:02.521594+00:00] HTTP-REQUEST.INFO: [GET] http://api.valami.test:8888/favicon.ico [] []
[2022-09-20T12:05:02.761391+00:00] HTTP-REQUEST.INFO: [GET] http://api.valami.test:8888/user/hello/vil%C3%A1g [] []
[2022-09-20T12:05:02.776109+00:00] HTTP-REQUEST.INFO: [GET] http://api.valami.test:8888/favicon.ico [] []
[2022-09-20T12:05:05.253743+00:00] HTTP-REQUEST.INFO: [GET] http://api.valami.test:8888/user/goodbye/vil%C3%A1g [] []
[2022-09-20T12:06:22.896411+00:00] HTTP-REQUEST.INFO: [GET] http://api.valami.test:8888/user/goodbye/vil%C3%A1g [] []
[2022-09-20T12:06:22.942599+00:00] HTTP-REQUEST.INFO: [GET] http://api.valami.test:8888/favicon.ico [] []
[2022-09-20T12:06:27.612255+00:00] HTTP-REQUEST.INFO: [GET] http://api.valami.test:8888/user/hello/vil%C3%A1g [] []
[2022-09-20T12:08:18.284696+00:00] HTTP-REQUEST.INFO: [GET] http://api.valami.test:8888/user/hello/vil%C3%A1g [] []
[2022-09-20T12:08:18.292504+00:00] ERROR.ERROR: [Atomino2\Mercury\RequestHandlerErrorException]  (0) (/Users/elvis/Dev/Atomino2/src/Mercury/AbstractRequestHandler.php @ 53 [] []
[2022-09-20T12:08:18.351669+00:00] HTTP-REQUEST.INFO: [GET] http://api.valami.test:8888/favicon.ico [] []
[2022-09-20T12:08:19.676299+00:00] HTTP-REQUEST.INFO: [GET] http://api.valami.test:8888/user/hello/vil%C3%A1g [] []
[2022-09-20T12:08:19.678091+00:00] ERROR.ERROR: [Atomino2\Mercury\RequestHandlerErrorException]  (0) (/Users/elvis/Dev/Atomino2/src/Mercury/AbstractRequestHandler.php @ 53 [] []
[2022-09-20T12:08:19.701163+00:00] HTTP-REQUEST.INFO: [GET] http://api.valami.test:8888/favicon.ico [] []
[2022-09-20T12:08:29.227256+00:00] HTTP-REQUEST.INFO: [GET] http://api.valami.test:8888/user/hello/vil%C3%A1g [] []
[2022-09-20T12:08:29.240520+00:00] ERROR.ERROR: [Atomino2\Mercury\RequestHandlerErrorException]  (0) (/Users/elvis/Dev/Atomino2/src/Mercury/AbstractRequestHandler.php @ 53 [] []
[2022-09-20T12:08:29.304812+00:00] HTTP-REQUEST.INFO: [GET] http://api.valami.test:8888/favicon.ico [] []
[2022-09-20T12:09:27.270596+00:00] HTTP-REQUEST.INFO: [GET] http://api.valami.test:8888/user/hello/vil%C3%A1g [] []
[2022-09-20T12:09:27.343520+00:00] HTTP-REQUEST.INFO: [GET] http://api.valami.test:8888/favicon.ico [] []
[2022-09-20T12:09:54.103850+00:00] HTTP-REQUEST.INFO: [GET] http://api.valami.test:8888/user/hello/vil%C3%A1g [] []
[2022-09-20T12:09:54.143346+00:00] HTTP-REQUEST.INFO: [GET] http://api.valami.test:8888/favicon.ico [] []
[2022-09-20T12:09:55.316074+00:00] HTTP-REQUEST.INFO: [GET] http://api.valami.test:8888/user/hello/vil%C3%A1g [] []
[2022-09-20T12:09:55.337718+00:00] HTTP-REQUEST.INFO: [GET] http://api.valami.test:8888/favicon.ico [] []
[2022-09-20T12:10:03.770748+00:00] HTTP-REQUEST.INFO: [GET] http://api.valami.test:8888/user/goodbye/vil%C3%A1g [] []
[2022-09-20T12:10:21.223929+00:00] HTTP-REQUEST.INFO: [GET] http://api.valami.test:8888/user/goodbye/vil%C3%A1g [] []
[2022-09-20T12:10:21.238920+00:00] ERROR.ERROR: [Error] Attribute "Atomino2\Mercury\EndpointResponder\Endpoint" must not be repeated (0) (/Users/elvis/Dev/Atomino2/src/Mercury/EndpointResponder/EndpointResponder.php @ 19 [] []
[2022-09-20T12:10:21.316976+00:00] HTTP-REQUEST.INFO: [GET] http://api.valami.test:8888/favicon.ico [] []
[2022-09-20T12:10:39.972915+00:00] HTTP-REQUEST.INFO: [GET] http://api.valami.test:8888/user/goodbye/vil%C3%A1g [] []
[2022-09-20T12:10:39.997007+00:00] HTTP-REQUEST.INFO: [GET] http://api.valami.test:8888/favicon.ico [] []
[2022-09-20T12:10:47.434659+00:00] HTTP-REQUEST.INFO: [GET] http://api.valami.test:8888/user/goodbye/vil%C3%A1g [] []
[2022-09-20T12:10:47.469204+00:00] HTTP-REQUEST.INFO: [GET] http://api.valami.test:8888/favicon.ico [] []
[2022-09-20T12:11:07.538043+00:00] HTTP-REQUEST.INFO: [GET] http://api.valami.test:8888/user/goodbye/vil%C3%A1g [] []
[2022-09-20T12:11:07.572772+00:00] HTTP-REQUEST.INFO: [GET] http://api.valami.test:8888/favicon.ico [] []
[2022-09-20T12:11:27.172131+00:00] HTTP-REQUEST.INFO: [GET] http://api.valami.test:8888/user/goodbye/vil%C3%A1g [] []
[2022-09-20T12:11:27.189035+00:00] HTTP-REQUEST.INFO: [GET] http://api.valami.test:8888/favicon.ico [] []
[2022-09-20T12:11:50.414511+00:00] HTTP-REQUEST.INFO: [GET] http://api.valami.test:8888/user/hello/vil%C3%A1g [] []
[2022-09-20T12:11:52.291838+00:00] HTTP-REQUEST.INFO: [GET] http://api.valami.test:8888/user/hello/vil%C3%A1g [] []
[2022-09-20T12:11:52.315117+00:00] HTTP-REQUEST.INFO: [GET] http://api.valami.test:8888/favicon.ico [] []
[2022-09-20T12:13:19.573328+00:00] HTTP-REQUEST.INFO: [GET] http://api.valami.test:8888/user/hello/vil%C3%A1g [] []
[2022-09-20T12:13:19.604872+00:00] HTTP-REQUEST.INFO: [GET] http://api.valami.test:8888/favicon.ico [] []
[2022-09-20T12:13:40.266949+00:00] HTTP-REQUEST.INFO: [GET] http://api.valami.test:8888/user/goodbye/vil%C3%A1g [] []
[2022-09-20T12:17:55.507313+00:00] HTTP-REQUEST.INFO: [GET] http://api.valami.test:8888/user/hello/vil%C3%A1g [] []
[2022-09-20T12:17:55.535048+00:00] HTTP-REQUEST.INFO: [GET] http://api.valami.test:8888/favicon.ico [] []
[2022-09-20T12:18:11.938727+00:00] HTTP-REQUEST.INFO: [GET] http://api.valami.test:8888/user/hello/vil%C3%A1g [] []
[2022-09-20T12:18:11.975390+00:00] HTTP-REQUEST.INFO: [GET] http://api.valami.test:8888/favicon.ico [] []
[2022-09-20T12:19:16.061376+00:00] HTTP-REQUEST.INFO: [GET] http://api.valami.test:8888/user/hello/vil%C3%A1g [] []
[2022-09-20T12:19:16.100837+00:00] HTTP-REQUEST.INFO: [GET] http://api.valami.test:8888/favicon.ico [] []
[2022-09-20T12:22:21.269965+00:00] HTTP-REQUEST.INFO: [GET] http://api.valami.test:8888/user/hello/vil%C3%A1g [] []
[2022-09-20T12:22:21.313908+00:00] HTTP-REQUEST.INFO: [GET] http://api.valami.test:8888/favicon.ico [] []
[2022-09-20T12:23:49.089780+00:00] HTTP-REQUEST.INFO: [GET] http://api.valami.test:8888/user/hello/vil%C3%A1g [] []
[2022-09-20T12:23:49.276682+00:00] HTTP-REQUEST.INFO: [GET] http://api.valami.test:8888/favicon.ico [] []
[2022-09-20T12:23:49.986710+00:00] HTTP-REQUEST.INFO: [GET] http://api.valami.test:8888/user/hello/vil%C3%A1g [] []
[2022-09-20T12:23:50.011350+00:00] HTTP-REQUEST.INFO: [GET] http://api.valami.test:8888/favicon.ico [] []
[2022-09-20T12:23:53.233082+00:00] HTTP-REQUEST.INFO: [GET] http://api.valami.test:8888/user/goodby/vil%C3%A1g [] []
[2022-09-20T12:23:57.528602+00:00] HTTP-REQUEST.INFO: [GET] http://api.valami.test:8888/user/goodbye/vil%C3%A1g [] []
[2022-09-20T12:28:06.099668+00:00] HTTP-REQUEST.INFO: [GET] http://api.valami.test:8888/user/hello [] []
[2022-09-20T12:50:47.584586+00:00] HTTP-REQUEST.INFO: [GET] http://api.valami.test:8888/user/hello [] []
[2022-09-20T12:50:47.670180+00:00] HTTP-REQUEST.INFO: [GET] http://api.valami.test:8888/favicon.ico [] []
[2022-09-20T12:50:57.267071+00:00] HTTP-REQUEST.INFO: [GET] http://api.valami.test:8888/user/hello [] []
[2022-09-20T12:50:57.285525+00:00] HTTP-REQUEST.INFO: [GET] http://api.valami.test:8888/favicon.ico [] []
[2022-09-20T12:52:17.204253+00:00] HTTP-REQUEST.INFO: [GET] http://api.valami.test:8888/useer/hello [] []
[2022-09-20T12:52:52.046324+00:00] HTTP-REQUEST.INFO: [GET] http://api.valami.test:8888/useer/hello [] []
[2022-09-20T12:52:52.101700+00:00] HTTP-REQUEST.INFO: [GET] http://api.valami.test:8888/favicon.ico [] []
[2022-09-20T12:53:41.420171+00:00] HTTP-REQUEST.INFO: [GET] http://api.valami.test:8888/useer/hello [] []
[2022-09-20T12:53:41.422108+00:00] ERROR.ERROR: [Error] Class "Atomino\Mercury\Responder\Error" not found (0) (/Users/elvis/Dev/Atomino2/app/Mission/Api/Router.php @ 9 [] []
[2022-09-20T12:53:41.453273+00:00] HTTP-REQUEST.INFO: [GET] http://api.valami.test:8888/favicon.ico [] []
[2022-09-20T12:53:45.329768+00:00] HTTP-REQUEST.INFO: [GET] http://api.valami.test:8888/useer/hello [] []
[2022-09-20T12:53:45.331533+00:00] ERROR.ERROR: [Error] Class "Atomino\Mercury\Responder\Error" not found (0) (/Users/elvis/Dev/Atomino2/app/Mission/Api/Router.php @ 9 [] []
[2022-09-20T12:53:45.351073+00:00] HTTP-REQUEST.INFO: [GET] http://api.valami.test:8888/favicon.ico [] []
[2022-09-20T12:53:46.142070+00:00] HTTP-REQUEST.INFO: [GET] http://api.valami.test:8888/useer/hello [] []
[2022-09-20T12:53:46.143433+00:00] ERROR.ERROR: [Error] Class "Atomino\Mercury\Responder\Error" not found (0) (/Users/elvis/Dev/Atomino2/app/Mission/Api/Router.php @ 9 [] []
[2022-09-20T12:53:46.167766+00:00] HTTP-REQUEST.INFO: [GET] http://api.valami.test:8888/favicon.ico [] []
[2022-09-20T12:54:12.421093+00:00] HTTP-REQUEST.INFO: [GET] http://api.valami.test:8888/useer/hello [] []
[2022-09-20T12:54:12.422904+00:00] ERROR.ERROR: [Error] Class "Atomino\Mercury\Responder\Error" not found (0) (/Users/elvis/Dev/Atomino2/app/Mission/Api/Router.php @ 8 [] []
[2022-09-20T12:54:12.476686+00:00] HTTP-REQUEST.INFO: [GET] http://api.valami.test:8888/favicon.ico [] []
[2022-09-20T12:54:30.025940+00:00] HTTP-REQUEST.INFO: [GET] http://api.valami.test:8888/useer/hello [] []
[2022-09-20T12:54:30.048607+00:00] HTTP-REQUEST.INFO: [GET] http://api.valami.test:8888/favicon.ico [] []
[2022-09-20T12:54:31.174752+00:00] HTTP-REQUEST.INFO: [GET] http://api.valami.test:8888/useer/hello [] []
[2022-09-20T12:54:31.195417+00:00] HTTP-REQUEST.INFO: [GET] http://api.valami.test:8888/favicon.ico [] []
[2022-09-20T12:54:32.360509+00:00] HTTP-REQUEST.INFO: [GET] http://api.valami.test:8888/useer/hello [] []
[2022-09-20T12:54:32.382177+00:00] HTTP-REQUEST.INFO: [GET] http://api.valami.test:8888/favicon.ico [] []
[2022-09-20T12:55:12.776896+00:00] HTTP-REQUEST.INFO: [GET] http://api.valami.test:8888/useer/hello [] []
[2022-09-20T12:55:12.797065+00:00] HTTP-REQUEST.INFO: [GET] http://api.valami.test:8888/favicon.ico [] []
[2022-09-20T12:55:18.213170+00:00] HTTP-REQUEST.INFO: [GET] http://api.valami.test:8888/user/hello [] []
[2022-09-20T12:55:20.995635+00:00] HTTP-REQUEST.INFO: [GET] http://api.valami.test:8888/user/helloe [] []
[2022-09-20T12:55:33.334568+00:00] HTTP-REQUEST.INFO: [GET] http://api.valami.test:8888/user/helloe [] []
[2022-09-20T12:55:33.355691+00:00] HTTP-REQUEST.INFO: [GET] http://api.valami.test:8888/favicon.ico [] []
[2022-09-20T12:55:35.865680+00:00] HTTP-REQUEST.INFO: [GET] http://api.valami.test:8888/user/helloe [] []
[2022-09-20T12:55:35.888710+00:00] HTTP-REQUEST.INFO: [GET] http://api.valami.test:8888/favicon.ico [] []
[2022-09-20T12:56:00.854789+00:00] HTTP-REQUEST.INFO: [GET] http://api.valami.test:8888/user/helloe [] []
[2022-09-20T12:56:00.887616+00:00] HTTP-REQUEST.INFO: [GET] http://api.valami.test:8888/favicon.ico [] []
[2022-09-20T12:56:31.877770+00:00] HTTP-REQUEST.INFO: [GET] http://api.valami.test:8888/user/helloe [] []
[2022-09-20T12:56:31.936629+00:00] HTTP-REQUEST.INFO: [GET] http://api.valami.test:8888/favicon.ico [] []
[2022-09-20T12:56:37.528578+00:00] HTTP-REQUEST.INFO: [GET] http://api.valami.test:8888/user/helloe [] []
[2022-09-20T12:56:37.550182+00:00] HTTP-REQUEST.INFO: [GET] http://api.valami.test:8888/favicon.ico [] []
[2022-09-20T12:56:44.973691+00:00] HTTP-REQUEST.INFO: [GET] http://api.valami.test:8888/user/helloe [] []
[2022-09-20T12:56:45.001443+00:00] HTTP-REQUEST.INFO: [GET] http://api.valami.test:8888/favicon.ico [] []
[2022-09-20T12:57:11.601566+00:00] HTTP-REQUEST.INFO: [GET] http://api.valami.test:8888/user/helloe [] []
[2022-09-20T12:57:11.621975+00:00] HTTP-REQUEST.INFO: [GET] http://api.valami.test:8888/favicon.ico [] []
[2022-09-20T12:57:15.140360+00:00] HTTP-REQUEST.INFO: [GET] http://api.valami.test:8888/user/hello [] []
[2022-09-20T12:57:19.756927+00:00] HTTP-REQUEST.INFO: [GET] http://api.valami.test:8888/useer/hello [] []
[2022-09-20T12:57:43.123895+00:00] HTTP-REQUEST.INFO: [GET] http://api.valami.test:8888/useer/hello [] []
[2022-09-20T12:57:43.151003+00:00] HTTP-REQUEST.INFO: [GET] http://api.valami.test:8888/favicon.ico [] []
[2022-09-20T12:57:47.392179+00:00] HTTP-REQUEST.INFO: [GET] http://api.valami.test:8888/useer/hello [] []
[2022-09-20T12:57:47.411647+00:00] HTTP-REQUEST.INFO: [GET] http://api.valami.test:8888/favicon.ico [] []
[2022-09-20T12:58:07.399772+00:00] HTTP-REQUEST.INFO: [GET] http://api.valami.test:8888/useer/hello [] []
[2022-09-20T12:58:07.420045+00:00] HTTP-REQUEST.INFO: [GET] http://api.valami.test:8888/favicon.ico [] []
[2022-09-20T12:58:52.768152+00:00] HTTP-REQUEST.INFO: [GET] http://api.valami.test:8888/useer/hello [] []
[2022-09-20T12:58:52.792679+00:00] HTTP-REQUEST.INFO: [GET] http://api.valami.test:8888/favicon.ico [] []
[2022-09-20T12:58:56.901950+00:00] HTTP-REQUEST.INFO: [GET] http://api.valami.test:8888/user/hello [] []
[2022-09-20T12:59:39.882326+00:00] HTTP-REQUEST.INFO: [GET] http://api.valami.test:8888/user/hello [] []
[2022-09-20T12:59:39.926380+00:00] HTTP-REQUEST.INFO: [GET] http://api.valami.test:8888/favicon.ico [] []
[2022-09-20T12:59:40.830869+00:00] HTTP-REQUEST.INFO: [GET] http://api.valami.test:8888/user/hello [] []
[2022-09-20T12:59:40.852883+00:00] HTTP-REQUEST.INFO: [GET] http://api.valami.test:8888/favicon.ico [] []
[2022-09-20T12:59:41.246978+00:00] HTTP-REQUEST.INFO: [GET] http://api.valami.test:8888/user/hello [] []
[2022-09-20T12:59:41.268957+00:00] HTTP-REQUEST.INFO: [GET] http://api.valami.test:8888/favicon.ico [] []
[2022-09-20T12:59:41.586184+00:00] HTTP-REQUEST.INFO: [GET] http://api.valami.test:8888/user/hello [] []
[2022-09-20T12:59:41.608231+00:00] HTTP-REQUEST.INFO: [GET] http://api.valami.test:8888/favicon.ico [] []
[2022-09-20T13:04:35.349646+00:00] HTTP-REQUEST.INFO: [GET] http://api.valami.test:8888/user/hello [] []
[2022-09-20T13:04:35.448243+00:00] HTTP-REQUEST.INFO: [GET] http://api.valami.test:8888/favicon.ico [] []
[2022-09-20T13:04:36.229189+00:00] HTTP-REQUEST.INFO: [GET] http://api.valami.test:8888/user/hello [] []
[2022-09-20T13:04:36.252099+00:00] HTTP-REQUEST.INFO: [GET] http://api.valami.test:8888/favicon.ico [] []
[2022-09-20T13:04:36.676119+00:00] HTTP-REQUEST.INFO: [GET] http://api.valami.test:8888/user/hello [] []
[2022-09-20T13:04:36.701263+00:00] HTTP-REQUEST.INFO: [GET] http://api.valami.test:8888/favicon.ico [] []
[2022-09-20T13:04:36.988775+00:00] HTTP-REQUEST.INFO: [GET] http://api.valami.test:8888/user/hello [] []
[2022-09-20T13:04:37.006885+00:00] HTTP-REQUEST.INFO: [GET] http://api.valami.test:8888/favicon.ico [] []
[2022-09-20T13:04:37.208863+00:00] HTTP-REQUEST.INFO: [GET] http://api.valami.test:8888/user/hello [] []
[2022-09-20T13:04:37.224561+00:00] HTTP-REQUEST.INFO: [GET] http://api.valami.test:8888/favicon.ico [] []
[2022-09-20T13:04:37.408954+00:00] HTTP-REQUEST.INFO: [GET] http://api.valami.test:8888/user/hello [] []
[2022-09-20T13:04:37.423444+00:00] HTTP-REQUEST.INFO: [GET] http://api.valami.test:8888/favicon.ico [] []
[2022-09-20T13:04:37.591663+00:00] HTTP-REQUEST.INFO: [GET] http://api.valami.test:8888/user/hello [] []
[2022-09-20T13:04:37.606829+00:00] HTTP-REQUEST.INFO: [GET] http://api.valami.test:8888/favicon.ico [] []
[2022-09-20T13:04:37.800924+00:00] HTTP-REQUEST.INFO: [GET] http://api.valami.test:8888/user/hello [] []
[2022-09-20T13:04:37.819262+00:00] HTTP-REQUEST.INFO: [GET] http://api.valami.test:8888/favicon.ico [] []
[2022-09-20T13:04:38.018515+00:00] HTTP-REQUEST.INFO: [GET] http://api.valami.test:8888/user/hello [] []
[2022-09-20T13:04:38.037506+00:00] HTTP-REQUEST.INFO: [GET] http://api.valami.test:8888/favicon.ico [] []
[2022-09-20T13:04:38.223505+00:00] HTTP-REQUEST.INFO: [GET] http://api.valami.test:8888/user/hello [] []
[2022-09-20T13:04:38.240720+00:00] HTTP-REQUEST.INFO: [GET] http://api.valami.test:8888/favicon.ico [] []
[2022-09-20T13:04:44.562414+00:00] HTTP-REQUEST.INFO: [GET] http://api.valami.test:8888/favicon.ico [] []
[2022-09-20T13:04:45.763087+00:00] HTTP-REQUEST.INFO: [GET] http://api.valami.test:8888/favicon.ico [] []
[2022-09-20T13:04:46.275395+00:00] HTTP-REQUEST.INFO: [GET] http://api.valami.test:8888/favicon.ico [] []
[2022-09-20T13:05:07.820384+00:00] HTTP-REQUEST.INFO: [GET] http://api.valami.test:8888/favicon.ico [] []
[2022-09-20T13:05:08.752634+00:00] HTTP-REQUEST.INFO: [GET] http://api.valami.test:8888/favicon.ico [] []
[2022-09-20T13:05:09.183067+00:00] HTTP-REQUEST.INFO: [GET] http://api.valami.test:8888/favicon.ico [] []
[2022-09-20T13:05:13.346581+00:00] HTTP-REQUEST.INFO: [GET] http://api.valami.test:8888/favicon.ico [] []
[2022-09-20T13:05:17.007079+00:00] HTTP-REQUEST.INFO: [GET] http://api.valami.test:8888/favicon.ico [] []
[2022-09-20T13:05:41.230579+00:00] HTTP-REQUEST.INFO: [GET] http://api.valami.test:8888/user/hello [] []
[2022-09-20T13:05:41.665740+00:00] HTTP-REQUEST.INFO: [GET] http://api.valami.test:8888/user/hello [] []
[2022-09-20T13:06:07.904047+00:00] HTTP-REQUEST.INFO: [GET] http://api.valami.test:8888/user/hello [] []
[2022-09-20T13:06:28.536450+00:00] HTTP-REQUEST.INFO: [GET] http://api.valami.test:8888/user/hello [] []
[2022-09-20T13:06:50.223014+00:00] HTTP-REQUEST.INFO: [GET] http://api.valami.test:8888/user/hello [] []
[2022-09-20T13:06:53.406315+00:00] HTTP-REQUEST.INFO: [GET] http://api.valami.test:8888/user/hello [] []
[2022-09-20T13:08:13.146430+00:00] HTTP-REQUEST.INFO: [GET] http://api.valami.test:8888/user/hello [] []
[2022-09-20T13:08:30.361124+00:00] HTTP-REQUEST.INFO: [GET] http://api.valami.test:8888/user/hello [] []
[2022-09-20T13:12:25.063987+00:00] HTTP-REQUEST.INFO: [GET] http://api.valami.test:8888/user/hello [] []
[2022-09-20T13:12:57.317664+00:00] HTTP-REQUEST.INFO: [GET] http://api.valami.test:8888/user/hello [] []
